[ 2017-05-05T20:51:47+08:00 ] ::1 /mz_shop/index.php/Home/Index/adv.html?i=0
INFO: [ app_begin ] --START--
INFO: Run Behavior\ReadHtmlCacheBehavior [ RunTime:0.009000s ]
INFO: [ app_begin ] --END-- [ RunTime:0.010000s ]
NOTIC: [8192] mysql_connect(): The mysql extension is deprecated and will be removed in the future: use mysqli or PDO instead E:\wamp\www\mz_shop\ThinkPHP\Library\Think\Db\Driver\Mysql.class.php 第 52 行.
SQL: SHOW COLUMNS FROM `mz_imgleft` [ RunTime:0.100006s ]
SQL: SELECT * FROM `mz_imgleft` WHERE ( `id` = 1 ) LIMIT 1   [ RunTime:0.001000s ]

[ 2017-05-05T20:51:47+08:00 ] ::1 /mz_shop/index.php/Home/Index/adv.html?i=1
INFO: [ app_begin ] --START--
INFO: Run Behavior\ReadHtmlCacheBehavior [ RunTime:0.005000s ]
INFO: [ app_begin ] --END-- [ RunTime:0.007000s ]
NOTIC: [8192] mysql_connect(): The mysql extension is deprecated and will be removed in the future: use mysqli or PDO instead E:\wamp\www\mz_shop\ThinkPHP\Library\Think\Db\Driver\Mysql.class.php 第 52 行.
SQL: SHOW COLUMNS FROM `mz_imgleft` [ RunTime:0.007000s ]
SQL: SELECT * FROM `mz_imgleft` WHERE ( `id` = 2 ) LIMIT 1   [ RunTime:0.001001s ]

[ 2017-05-05T20:51:47+08:00 ] ::1 /mz_shop/index.php/Home/Index/adv.html?i=2
INFO: [ app_begin ] --START--
INFO: Run Behavior\ReadHtmlCacheBehavior [ RunTime:0.013001s ]
INFO: [ app_begin ] --END-- [ RunTime:0.020001s ]
NOTIC: [8192] mysql_connect(): The mysql extension is deprecated and will be removed in the future: use mysqli or PDO instead E:\wamp\www\mz_shop\ThinkPHP\Library\Think\Db\Driver\Mysql.class.php 第 52 行.
SQL: SHOW COLUMNS FROM `mz_imgleft` [ RunTime:0.007000s ]
SQL: SELECT * FROM `mz_imgleft` WHERE ( `id` = 3 ) LIMIT 1   [ RunTime:0.001000s ]

[ 2017-05-05T20:51:47+08:00 ] ::1 /mz_shop/index.php/Home/Index/adv.html?i=4
INFO: [ app_begin ] --START--
INFO: Run Behavior\ReadHtmlCacheBehavior [ RunTime:0.003001s ]
INFO: [ app_begin ] --END-- [ RunTime:0.004001s ]
NOTIC: [8192] mysql_connect(): The mysql extension is deprecated and will be removed in the future: use mysqli or PDO instead E:\wamp\www\mz_shop\ThinkPHP\Library\Think\Db\Driver\Mysql.class.php 第 52 行.
SQL: SHOW COLUMNS FROM `mz_imgleft` [ RunTime:0.007000s ]
SQL: SELECT * FROM `mz_imgleft` WHERE ( `id` = 5 ) LIMIT 1   [ RunTime:0.001000s ]

[ 2017-05-05T20:51:47+08:00 ] ::1 /mz_shop/index.php/Home/Index/adv.html?i=3
INFO: [ app_begin ] --START--
INFO: Run Behavior\ReadHtmlCacheBehavior [ RunTime:0.003001s ]
INFO: [ app_begin ] --END-- [ RunTime:0.004001s ]
NOTIC: [8192] mysql_connect(): The mysql extension is deprecated and will be removed in the future: use mysqli or PDO instead E:\wamp\www\mz_shop\ThinkPHP\Library\Think\Db\Driver\Mysql.class.php 第 52 行.
SQL: SHOW COLUMNS FROM `mz_imgleft` [ RunTime:0.007000s ]
SQL: SELECT * FROM `mz_imgleft` WHERE ( `id` = 4 ) LIMIT 1   [ RunTime:0.001000s ]

[ 2017-05-05T20:51:47+08:00 ] ::1 /mz_shop/index.php/Home/Index/adv.html?i=5
INFO: [ app_begin ] --START--
INFO: Run Behavior\ReadHtmlCacheBehavior [ RunTime:0.001000s ]
INFO: [ app_begin ] --END-- [ RunTime:0.002000s ]
NOTIC: [8192] mysql_connect(): The mysql extension is deprecated and will be removed in the future: use mysqli or PDO instead E:\wamp\www\mz_shop\ThinkPHP\Library\Think\Db\Driver\Mysql.class.php 第 52 行.
SQL: SHOW COLUMNS FROM `mz_imgleft` [ RunTime:0.007001s ]
SQL: SELECT * FROM `mz_imgleft` WHERE ( `id` = 6 ) LIMIT 1   [ RunTime:0.000000s ]

[ 2017-05-05T20:51:47+08:00 ] ::1 /mz_shop/index.php/Home/Index/adv.html?i=6
INFO: [ app_begin ] --START--
INFO: Run Behavior\ReadHtmlCacheBehavior [ RunTime:0.003000s ]
INFO: [ app_begin ] --END-- [ RunTime:0.005001s ]
NOTIC: [8192] mysql_connect(): The mysql extension is deprecated and will be removed in the future: use mysqli or PDO instead E:\wamp\www\mz_shop\ThinkPHP\Library\Think\Db\Driver\Mysql.class.php 第 52 行.
SQL: SHOW COLUMNS FROM `mz_imgleft` [ RunTime:0.006001s ]
SQL: SELECT * FROM `mz_imgleft` WHERE ( `id` = 7 ) LIMIT 1   [ RunTime:0.001000s ]

[ 2017-05-05T20:52:11+08:00 ] ::1 /mz_shop/index.php/Home/Index/adv.html?i=0
INFO: [ app_begin ] --START--
INFO: Run Behavior\ReadHtmlCacheBehavior [ RunTime:0.024002s ]
INFO: [ app_begin ] --END-- [ RunTime:0.024002s ]
NOTIC: [8192] mysql_connect(): The mysql extension is deprecated and will be removed in the future: use mysqli or PDO instead E:\wamp\www\mz_shop\ThinkPHP\Library\Think\Db\Driver\Mysql.class.php 第 52 行.
SQL: SHOW COLUMNS FROM `mz_imgleft` [ RunTime:0.007001s ]
SQL: SELECT * FROM `mz_imgleft` WHERE ( `id` = 1 ) LIMIT 1   [ RunTime:0.002000s ]

[ 2017-05-05T20:52:11+08:00 ] ::1 /mz_shop/index.php/Home/Index/adv.html?i=5
INFO: [ app_begin ] --START--
INFO: Run Behavior\ReadHtmlCacheBehavior [ RunTime:0.004000s ]
INFO: [ app_begin ] --END-- [ RunTime:0.011000s ]
NOTIC: [8192] mysql_connect(): The mysql extension is deprecated and will be removed in the future: use mysqli or PDO instead E:\wamp\www\mz_shop\ThinkPHP\Library\Think\Db\Driver\Mysql.class.php 第 52 行.
SQL: SHOW COLUMNS FROM `mz_imgleft` [ RunTime:0.007000s ]
SQL: SELECT * FROM `mz_imgleft` WHERE ( `id` = 6 ) LIMIT 1   [ RunTime:0.000000s ]

[ 2017-05-05T20:52:11+08:00 ] ::1 /mz_shop/index.php/Home/Index/adv.html?i=1
INFO: [ app_begin ] --START--
INFO: Run Behavior\ReadHtmlCacheBehavior [ RunTime:0.001000s ]
INFO: [ app_begin ] --END-- [ RunTime:0.003000s ]
NOTIC: [8192] mysql_connect(): The mysql extension is deprecated and will be removed in the future: use mysqli or PDO instead E:\wamp\www\mz_shop\ThinkPHP\Library\Think\Db\Driver\Mysql.class.php 第 52 行.
SQL: SHOW COLUMNS FROM `mz_imgleft` [ RunTime:0.006000s ]
SQL: SELECT * FROM `mz_imgleft` WHERE ( `id` = 2 ) LIMIT 1   [ RunTime:0.000000s ]

[ 2017-05-05T20:52:11+08:00 ] ::1 /mz_shop/index.php/Home/Index/adv.html?i=2
INFO: [ app_begin ] --START--
INFO: Run Behavior\ReadHtmlCacheBehavior [ RunTime:0.002001s ]
INFO: [ app_begin ] --END-- [ RunTime:0.003001s ]
NOTIC: [8192] mysql_connect(): The mysql extension is deprecated and will be removed in the future: use mysqli or PDO instead E:\wamp\www\mz_shop\ThinkPHP\Library\Think\Db\Driver\Mysql.class.php 第 52 行.
SQL: SHOW COLUMNS FROM `mz_imgleft` [ RunTime:0.007000s ]
SQL: SELECT * FROM `mz_imgleft` WHERE ( `id` = 3 ) LIMIT 1   [ RunTime:0.001000s ]

[ 2017-05-05T20:52:11+08:00 ] ::1 /mz_shop/index.php/Home/Index/adv.html?i=4
INFO: [ app_begin ] --START--
INFO: Run Behavior\ReadHtmlCacheBehavior [ RunTime:0.007001s ]
INFO: [ app_begin ] --END-- [ RunTime:0.008001s ]
NOTIC: [8192] mysql_connect(): The mysql extension is deprecated and will be removed in the future: use mysqli or PDO instead E:\wamp\www\mz_shop\ThinkPHP\Library\Think\Db\Driver\Mysql.class.php 第 52 行.
SQL: SHOW COLUMNS FROM `mz_imgleft` [ RunTime:0.007000s ]
SQL: SELECT * FROM `mz_imgleft` WHERE ( `id` = 5 ) LIMIT 1   [ RunTime:0.001000s ]

[ 2017-05-05T20:52:11+08:00 ] ::1 /mz_shop/index.php/Home/Index/adv.html?i=3
INFO: [ app_begin ] --START--
INFO: Run Behavior\ReadHtmlCacheBehavior [ RunTime:0.003000s ]
INFO: [ app_begin ] --END-- [ RunTime:0.008000s ]
NOTIC: [8192] mysql_connect(): The mysql extension is deprecated and will be removed in the future: use mysqli or PDO instead E:\wamp\www\mz_shop\ThinkPHP\Library\Think\Db\Driver\Mysql.class.php 第 52 行.
SQL: SHOW COLUMNS FROM `mz_imgleft` [ RunTime:0.006000s ]
SQL: SELECT * FROM `mz_imgleft` WHERE ( `id` = 4 ) LIMIT 1   [ RunTime:0.000000s ]

[ 2017-05-05T20:52:11+08:00 ] ::1 /mz_shop/index.php/Home/Index/adv.html?i=6
INFO: [ app_begin ] --START--
INFO: Run Behavior\ReadHtmlCacheBehavior [ RunTime:0.002001s ]
INFO: [ app_begin ] --END-- [ RunTime:0.007001s ]
NOTIC: [8192] mysql_connect(): The mysql extension is deprecated and will be removed in the future: use mysqli or PDO instead E:\wamp\www\mz_shop\ThinkPHP\Library\Think\Db\Driver\Mysql.class.php 第 52 行.
SQL: SHOW COLUMNS FROM `mz_imgleft` [ RunTime:0.006000s ]
SQL: SELECT * FROM `mz_imgleft` WHERE ( `id` = 7 ) LIMIT 1   [ RunTime:0.001000s ]

[ 2017-05-05T20:55:27+08:00 ] ::1 /mz_shop/index.php/Home/Index/adv.html?i=1
INFO: [ app_begin ] --START--
INFO: Run Behavior\ReadHtmlCacheBehavior [ RunTime:0.003000s ]
INFO: [ app_begin ] --END-- [ RunTime:0.026001s ]
NOTIC: [8192] mysql_connect(): The mysql extension is deprecated and will be removed in the future: use mysqli or PDO instead E:\wamp\www\mz_shop\ThinkPHP\Library\Think\Db\Driver\Mysql.class.php 第 52 行.
SQL: SHOW COLUMNS FROM `mz_imgleft` [ RunTime:0.007001s ]
SQL: SELECT * FROM `mz_imgleft` WHERE ( `id` = 2 ) LIMIT 1   [ RunTime:0.001000s ]

[ 2017-05-05T20:55:27+08:00 ] ::1 /mz_shop/index.php/Home/Index/adv.html?i=0
INFO: [ app_begin ] --START--
INFO: Run Behavior\ReadHtmlCacheBehavior [ RunTime:0.002000s ]
INFO: [ app_begin ] --END-- [ RunTime:0.004000s ]
NOTIC: [8192] mysql_connect(): The mysql extension is deprecated and will be removed in the future: use mysqli or PDO instead E:\wamp\www\mz_shop\ThinkPHP\Library\Think\Db\Driver\Mysql.class.php 第 52 行.
SQL: SHOW COLUMNS FROM `mz_imgleft` [ RunTime:0.007000s ]
SQL: SELECT * FROM `mz_imgleft` WHERE ( `id` = 1 ) LIMIT 1   [ RunTime:0.000000s ]

[ 2017-05-05T20:55:27+08:00 ] ::1 /mz_shop/index.php/Home/Index/adv.html?i=4
INFO: [ app_begin ] --START--
INFO: Run Behavior\ReadHtmlCacheBehavior [ RunTime:0.002000s ]
INFO: [ app_begin ] --END-- [ RunTime:0.003000s ]
NOTIC: [8192] mysql_connect(): The mysql extension is deprecated and will be removed in the future: use mysqli or PDO instead E:\wamp\www\mz_shop\ThinkPHP\Library\Think\Db\Driver\Mysql.class.php 第 52 行.
SQL: SHOW COLUMNS FROM `mz_imgleft` [ RunTime:0.009000s ]
SQL: SELECT * FROM `mz_imgleft` WHERE ( `id` = 5 ) LIMIT 1   [ RunTime:0.001000s ]

[ 2017-05-05T20:55:27+08:00 ] ::1 /mz_shop/index.php/Home/Index/adv.html?i=5
INFO: [ app_begin ] --START--
INFO: Run Behavior\ReadHtmlCacheBehavior [ RunTime:0.002000s ]
INFO: [ app_begin ] --END-- [ RunTime:0.003000s ]
NOTIC: [8192] mysql_connect(): The mysql extension is deprecated and will be removed in the future: use mysqli or PDO instead E:\wamp\www\mz_shop\ThinkPHP\Library\Think\Db\Driver\Mysql.class.php 第 52 行.
SQL: SHOW COLUMNS FROM `mz_imgleft` [ RunTime:0.006000s ]
SQL: SELECT * FROM `mz_imgleft` WHERE ( `id` = 6 ) LIMIT 1   [ RunTime:0.000000s ]

[ 2017-05-05T20:55:27+08:00 ] ::1 /mz_shop/index.php/Home/Index/adv.html?i=3
INFO: [ app_begin ] --START--
INFO: Run Behavior\ReadHtmlCacheBehavior [ RunTime:0.001000s ]
INFO: [ app_begin ] --END-- [ RunTime:0.003000s ]
NOTIC: [8192] mysql_connect(): The mysql extension is deprecated and will be removed in the future: use mysqli or PDO instead E:\wamp\www\mz_shop\ThinkPHP\Library\Think\Db\Driver\Mysql.class.php 第 52 行.
SQL: SHOW COLUMNS FROM `mz_imgleft` [ RunTime:0.007000s ]
SQL: SELECT * FROM `mz_imgleft` WHERE ( `id` = 4 ) LIMIT 1   [ RunTime:0.000000s ]

[ 2017-05-05T20:55:27+08:00 ] ::1 /mz_shop/index.php/Home/Index/adv.html?i=2
INFO: [ app_begin ] --START--
INFO: Run Behavior\ReadHtmlCacheBehavior [ RunTime:0.002000s ]
INFO: [ app_begin ] --END-- [ RunTime:0.019001s ]
NOTIC: [8192] mysql_connect(): The mysql extension is deprecated and will be removed in the future: use mysqli or PDO instead E:\wamp\www\mz_shop\ThinkPHP\Library\Think\Db\Driver\Mysql.class.php 第 52 行.
SQL: SHOW COLUMNS FROM `mz_imgleft` [ RunTime:0.007001s ]
SQL: SELECT * FROM `mz_imgleft` WHERE ( `id` = 3 ) LIMIT 1   [ RunTime:0.001000s ]

[ 2017-05-05T20:55:27+08:00 ] ::1 /mz_shop/index.php/Home/Index/adv.html?i=6
INFO: [ app_begin ] --START--
INFO: Run Behavior\ReadHtmlCacheBehavior [ RunTime:0.002001s ]
INFO: [ app_begin ] --END-- [ RunTime:0.004001s ]
NOTIC: [8192] mysql_connect(): The mysql extension is deprecated and will be removed in the future: use mysqli or PDO instead E:\wamp\www\mz_shop\ThinkPHP\Library\Think\Db\Driver\Mysql.class.php 第 52 行.
SQL: SHOW COLUMNS FROM `mz_imgleft` [ RunTime:0.006000s ]
SQL: SELECT * FROM `mz_imgleft` WHERE ( `id` = 7 ) LIMIT 1   [ RunTime:0.004001s ]

[ 2017-05-05T21:48:44+08:00 ] ::1 /mz_shop/index.php/Home/Index/adv.html?i=5
INFO: [ app_begin ] --START--
INFO: Run Behavior\ReadHtmlCacheBehavior [ RunTime:0.002000s ]
INFO: [ app_begin ] --END-- [ RunTime:0.004000s ]
NOTIC: [8192] mysql_connect(): The mysql extension is deprecated and will be removed in the future: use mysqli or PDO instead E:\wamp\www\mz_shop\ThinkPHP\Library\Think\Db\Driver\Mysql.class.php 第 52 行.
SQL: SHOW COLUMNS FROM `mz_imgleft` [ RunTime:0.007001s ]
SQL: SELECT * FROM `mz_imgleft` WHERE ( `id` = 6 ) LIMIT 1   [ RunTime:0.002000s ]

[ 2017-05-05T21:48:44+08:00 ] ::1 /mz_shop/index.php/Home/Index/adv.html?i=2
INFO: [ app_begin ] --START--
INFO: Run Behavior\ReadHtmlCacheBehavior [ RunTime:0.002000s ]
INFO: [ app_begin ] --END-- [ RunTime:0.003000s ]
NOTIC: [8192] mysql_connect(): The mysql extension is deprecated and will be removed in the future: use mysqli or PDO instead E:\wamp\www\mz_shop\ThinkPHP\Library\Think\Db\Driver\Mysql.class.php 第 52 行.
SQL: SHOW COLUMNS FROM `mz_imgleft` [ RunTime:0.011001s ]
SQL: SELECT * FROM `mz_imgleft` WHERE ( `id` = 3 ) LIMIT 1   [ RunTime:0.001000s ]

[ 2017-05-05T21:48:45+08:00 ] ::1 /mz_shop/index.php/Home/Index/adv.html?i=0
INFO: [ app_begin ] --START--
INFO: Run Behavior\ReadHtmlCacheBehavior [ RunTime:0.002001s ]
INFO: [ app_begin ] --END-- [ RunTime:0.003001s ]
NOTIC: [8192] mysql_connect(): The mysql extension is deprecated and will be removed in the future: use mysqli or PDO instead E:\wamp\www\mz_shop\ThinkPHP\Library\Think\Db\Driver\Mysql.class.php 第 52 行.
SQL: SHOW COLUMNS FROM `mz_imgleft` [ RunTime:0.007000s ]
SQL: SELECT * FROM `mz_imgleft` WHERE ( `id` = 1 ) LIMIT 1   [ RunTime:0.001000s ]

[ 2017-05-05T21:48:45+08:00 ] ::1 /mz_shop/index.php/Home/Index/adv.html?i=3
INFO: [ app_begin ] --START--
INFO: Run Behavior\ReadHtmlCacheBehavior [ RunTime:0.002000s ]
INFO: [ app_begin ] --END-- [ RunTime:0.003000s ]
NOTIC: [8192] mysql_connect(): The mysql extension is deprecated and will be removed in the future: use mysqli or PDO instead E:\wamp\www\mz_shop\ThinkPHP\Library\Think\Db\Driver\Mysql.class.php 第 52 行.
SQL: SHOW COLUMNS FROM `mz_imgleft` [ RunTime:0.008000s ]
SQL: SELECT * FROM `mz_imgleft` WHERE ( `id` = 4 ) LIMIT 1   [ RunTime:0.002000s ]

[ 2017-05-05T21:48:45+08:00 ] ::1 /mz_shop/index.php/Home/Index/adv.html?i=1
INFO: [ app_begin ] --START--
INFO: Run Behavior\ReadHtmlCacheBehavior [ RunTime:0.003001s ]
INFO: [ app_begin ] --END-- [ RunTime:0.004001s ]
NOTIC: [8192] mysql_connect(): The mysql extension is deprecated and will be removed in the future: use mysqli or PDO instead E:\wamp\www\mz_shop\ThinkPHP\Library\Think\Db\Driver\Mysql.class.php 第 52 行.
SQL: SHOW COLUMNS FROM `mz_imgleft` [ RunTime:0.006001s ]
SQL: SELECT * FROM `mz_imgleft` WHERE ( `id` = 2 ) LIMIT 1   [ RunTime:0.001000s ]

[ 2017-05-05T21:48:45+08:00 ] ::1 /mz_shop/index.php/Home/Index/adv.html?i=4
INFO: [ app_begin ] --START--
INFO: Run Behavior\ReadHtmlCacheBehavior [ RunTime:0.002000s ]
INFO: [ app_begin ] --END-- [ RunTime:0.003000s ]
NOTIC: [8192] mysql_connect(): The mysql extension is deprecated and will be removed in the future: use mysqli or PDO instead E:\wamp\www\mz_shop\ThinkPHP\Library\Think\Db\Driver\Mysql.class.php 第 52 行.
SQL: SHOW COLUMNS FROM `mz_imgleft` [ RunTime:0.006000s ]
SQL: SELECT * FROM `mz_imgleft` WHERE ( `id` = 5 ) LIMIT 1   [ RunTime:0.000000s ]

[ 2017-05-05T21:48:45+08:00 ] ::1 /mz_shop/index.php/Home/Index/adv.html?i=6
INFO: [ app_begin ] --START--
INFO: Run Behavior\ReadHtmlCacheBehavior [ RunTime:0.002000s ]
INFO: [ app_begin ] --END-- [ RunTime:0.003000s ]
NOTIC: [8192] mysql_connect(): The mysql extension is deprecated and will be removed in the future: use mysqli or PDO instead E:\wamp\www\mz_shop\ThinkPHP\Library\Think\Db\Driver\Mysql.class.php 第 52 行.
SQL: SHOW COLUMNS FROM `mz_imgleft` [ RunTime:0.006001s ]
SQL: SELECT * FROM `mz_imgleft` WHERE ( `id` = 7 ) LIMIT 1   [ RunTime:0.001000s ]

[ 2017-05-05T21:48:49+08:00 ] ::1 /mz_shop/index.php/Home/Index/adv.html?i=1
INFO: [ app_begin ] --START--
INFO: Run Behavior\ReadHtmlCacheBehavior [ RunTime:0.003000s ]
INFO: [ app_begin ] --END-- [ RunTime:0.006000s ]
NOTIC: [8192] mysql_connect(): The mysql extension is deprecated and will be removed in the future: use mysqli or PDO instead E:\wamp\www\mz_shop\ThinkPHP\Library\Think\Db\Driver\Mysql.class.php 第 52 行.
SQL: SHOW COLUMNS FROM `mz_imgleft` [ RunTime:0.009001s ]
SQL: SELECT * FROM `mz_imgleft` WHERE ( `id` = 2 ) LIMIT 1   [ RunTime:0.000000s ]

[ 2017-05-05T21:48:49+08:00 ] ::1 /mz_shop/index.php/Home/Index/adv.html?i=3
INFO: [ app_begin ] --START--
INFO: Run Behavior\ReadHtmlCacheBehavior [ RunTime:0.005000s ]
INFO: [ app_begin ] --END-- [ RunTime:0.014000s ]
NOTIC: [8192] mysql_connect(): The mysql extension is deprecated and will be removed in the future: use mysqli or PDO instead E:\wamp\www\mz_shop\ThinkPHP\Library\Think\Db\Driver\Mysql.class.php 第 52 行.
SQL: SHOW COLUMNS FROM `mz_imgleft` [ RunTime:0.006000s ]
SQL: SELECT * FROM `mz_imgleft` WHERE ( `id` = 4 ) LIMIT 1   [ RunTime:0.001001s ]

[ 2017-05-05T21:48:49+08:00 ] ::1 /mz_shop/index.php/Home/Index/adv.html?i=4
INFO: [ app_begin ] --START--
INFO: Run Behavior\ReadHtmlCacheBehavior [ RunTime:0.015001s ]
INFO: [ app_begin ] --END-- [ RunTime:0.017001s ]
NOTIC: [8192] mysql_connect(): The mysql extension is deprecated and will be removed in the future: use mysqli or PDO instead E:\wamp\www\mz_shop\ThinkPHP\Library\Think\Db\Driver\Mysql.class.php 第 52 行.
SQL: SHOW COLUMNS FROM `mz_imgleft` [ RunTime:0.007000s ]
SQL: SELECT * FROM `mz_imgleft` WHERE ( `id` = 5 ) LIMIT 1   [ RunTime:0.006000s ]

[ 2017-05-05T21:48:49+08:00 ] ::1 /mz_shop/index.php/Home/Index/adv.html?i=0
INFO: [ app_begin ] --START--
INFO: Run Behavior\ReadHtmlCacheBehavior [ RunTime:0.002000s ]
INFO: [ app_begin ] --END-- [ RunTime:0.003000s ]
NOTIC: [8192] mysql_connect(): The mysql extension is deprecated and will be removed in the future: use mysqli or PDO instead E:\wamp\www\mz_shop\ThinkPHP\Library\Think\Db\Driver\Mysql.class.php 第 52 行.
SQL: SHOW COLUMNS FROM `mz_imgleft` [ RunTime:0.013001s ]
SQL: SELECT * FROM `mz_imgleft` WHERE ( `id` = 1 ) LIMIT 1   [ RunTime:0.002000s ]

[ 2017-05-05T21:48:50+08:00 ] ::1 /mz_shop/index.php/Home/Index/adv.html?i=2
INFO: [ app_begin ] --START--
INFO: Run Behavior\ReadHtmlCacheBehavior [ RunTime:0.003000s ]
INFO: [ app_begin ] --END-- [ RunTime:0.009001s ]
NOTIC: [8192] mysql_connect(): The mysql extension is deprecated and will be removed in the future: use mysqli or PDO instead E:\wamp\www\mz_shop\ThinkPHP\Library\Think\Db\Driver\Mysql.class.php 第 52 行.
SQL: SHOW COLUMNS FROM `mz_imgleft` [ RunTime:0.006000s ]
SQL: SELECT * FROM `mz_imgleft` WHERE ( `id` = 3 ) LIMIT 1   [ RunTime:0.002001s ]

[ 2017-05-05T21:48:50+08:00 ] ::1 /mz_shop/index.php/Home/Index/adv.html?i=5
INFO: [ app_begin ] --START--
INFO: Run Behavior\ReadHtmlCacheBehavior [ RunTime:0.002000s ]
INFO: [ app_begin ] --END-- [ RunTime:0.003000s ]
NOTIC: [8192] mysql_connect(): The mysql extension is deprecated and will be removed in the future: use mysqli or PDO instead E:\wamp\www\mz_shop\ThinkPHP\Library\Think\Db\Driver\Mysql.class.php 第 52 行.
SQL: SHOW COLUMNS FROM `mz_imgleft` [ RunTime:0.008000s ]
SQL: SELECT * FROM `mz_imgleft` WHERE ( `id` = 6 ) LIMIT 1   [ RunTime:0.000000s ]

[ 2017-05-05T21:48:50+08:00 ] ::1 /mz_shop/index.php/Home/Index/adv.html?i=6
INFO: [ app_begin ] --START--
INFO: Run Behavior\ReadHtmlCacheBehavior [ RunTime:0.002000s ]
INFO: [ app_begin ] --END-- [ RunTime:0.004000s ]
NOTIC: [8192] mysql_connect(): The mysql extension is deprecated and will be removed in the future: use mysqli or PDO instead E:\wamp\www\mz_shop\ThinkPHP\Library\Think\Db\Driver\Mysql.class.php 第 52 行.
SQL: SHOW COLUMNS FROM `mz_imgleft` [ RunTime:0.005001s ]
SQL: SELECT * FROM `mz_imgleft` WHERE ( `id` = 7 ) LIMIT 1   [ RunTime:0.000000s ]

[ 2017-05-05T22:06:02+08:00 ] ::1 /mz_shop/index.php/Home/Index/adv.html?i=0
INFO: [ app_begin ] --START--
INFO: Run Behavior\ReadHtmlCacheBehavior [ RunTime:0.001000s ]
INFO: [ app_begin ] --END-- [ RunTime:0.003000s ]
NOTIC: [8192] mysql_connect(): The mysql extension is deprecated and will be removed in the future: use mysqli or PDO instead E:\wamp\www\mz_shop\ThinkPHP\Library\Think\Db\Driver\Mysql.class.php 第 52 行.
SQL: SHOW COLUMNS FROM `mz_imgleft` [ RunTime:0.008001s ]
SQL: SELECT * FROM `mz_imgleft` WHERE ( `id` = 1 ) LIMIT 1   [ RunTime:0.000000s ]

[ 2017-05-05T22:06:03+08:00 ] ::1 /mz_shop/index.php/Home/Index/adv.html?i=2
INFO: [ app_begin ] --START--
INFO: Run Behavior\ReadHtmlCacheBehavior [ RunTime:0.001000s ]
INFO: [ app_begin ] --END-- [ RunTime:0.002000s ]
NOTIC: [8192] mysql_connect(): The mysql extension is deprecated and will be removed in the future: use mysqli or PDO instead E:\wamp\www\mz_shop\ThinkPHP\Library\Think\Db\Driver\Mysql.class.php 第 52 行.
SQL: SHOW COLUMNS FROM `mz_imgleft` [ RunTime:0.008001s ]
SQL: SELECT * FROM `mz_imgleft` WHERE ( `id` = 3 ) LIMIT 1   [ RunTime:0.000000s ]

[ 2017-05-05T22:06:03+08:00 ] ::1 /mz_shop/index.php/Home/Index/adv.html?i=1
INFO: [ app_begin ] --START--
INFO: Run Behavior\ReadHtmlCacheBehavior [ RunTime:0.001000s ]
INFO: [ app_begin ] --END-- [ RunTime:0.003000s ]
NOTIC: [8192] mysql_connect(): The mysql extension is deprecated and will be removed in the future: use mysqli or PDO instead E:\wamp\www\mz_shop\ThinkPHP\Library\Think\Db\Driver\Mysql.class.php 第 52 行.
SQL: SHOW COLUMNS FROM `mz_imgleft` [ RunTime:0.011001s ]
SQL: SELECT * FROM `mz_imgleft` WHERE ( `id` = 2 ) LIMIT 1   [ RunTime:0.002000s ]

[ 2017-05-05T22:06:03+08:00 ] ::1 /mz_shop/index.php/Home/Index/adv.html?i=3
INFO: [ app_begin ] --START--
INFO: Run Behavior\ReadHtmlCacheBehavior [ RunTime:0.002000s ]
INFO: [ app_begin ] --END-- [ RunTime:0.008001s ]
NOTIC: [8192] mysql_connect(): The mysql extension is deprecated and will be removed in the future: use mysqli or PDO instead E:\wamp\www\mz_shop\ThinkPHP\Library\Think\Db\Driver\Mysql.class.php 第 52 行.
SQL: SHOW COLUMNS FROM `mz_imgleft` [ RunTime:0.007001s ]
SQL: SELECT * FROM `mz_imgleft` WHERE ( `id` = 4 ) LIMIT 1   [ RunTime:0.000000s ]

[ 2017-05-05T22:06:03+08:00 ] ::1 /mz_shop/index.php/Home/Index/adv.html?i=4
INFO: [ app_begin ] --START--
INFO: Run Behavior\ReadHtmlCacheBehavior [ RunTime:0.002000s ]
INFO: [ app_begin ] --END-- [ RunTime:0.003000s ]
NOTIC: [8192] mysql_connect(): The mysql extension is deprecated and will be removed in the future: use mysqli or PDO instead E:\wamp\www\mz_shop\ThinkPHP\Library\Think\Db\Driver\Mysql.class.php 第 52 行.
SQL: SHOW COLUMNS FROM `mz_imgleft` [ RunTime:0.003000s ]
SQL: SELECT * FROM `mz_imgleft` WHERE ( `id` = 5 ) LIMIT 1   [ RunTime:0.000000s ]

[ 2017-05-05T22:06:03+08:00 ] ::1 /mz_shop/index.php/Home/Index/adv.html?i=5
INFO: [ app_begin ] --START--
INFO: Run Behavior\ReadHtmlCacheBehavior [ RunTime:0.001000s ]
INFO: [ app_begin ] --END-- [ RunTime:0.002000s ]
NOTIC: [8192] mysql_connect(): The mysql extension is deprecated and will be removed in the future: use mysqli or PDO instead E:\wamp\www\mz_shop\ThinkPHP\Library\Think\Db\Driver\Mysql.class.php 第 52 行.
SQL: SHOW COLUMNS FROM `mz_imgleft` [ RunTime:0.004001s ]
SQL: SELECT * FROM `mz_imgleft` WHERE ( `id` = 6 ) LIMIT 1   [ RunTime:0.001000s ]

[ 2017-05-05T22:06:03+08:00 ] ::1 /mz_shop/index.php/Home/Index/adv.html?i=6
INFO: [ app_begin ] --START--
INFO: Run Behavior\ReadHtmlCacheBehavior [ RunTime:0.002000s ]
INFO: [ app_begin ] --END-- [ RunTime:0.002000s ]
NOTIC: [8192] mysql_connect(): The mysql extension is deprecated and will be removed in the future: use mysqli or PDO instead E:\wamp\www\mz_shop\ThinkPHP\Library\Think\Db\Driver\Mysql.class.php 第 52 行.
SQL: SHOW COLUMNS FROM `mz_imgleft` [ RunTime:0.005000s ]
SQL: SELECT * FROM `mz_imgleft` WHERE ( `id` = 7 ) LIMIT 1   [ RunTime:0.000000s ]

[ 2017-05-05T22:10:34+08:00 ] ::1 /mz_shop/index.php/Home/Index/adv.html?i=1
INFO: [ app_begin ] --START--
INFO: Run Behavior\ReadHtmlCacheBehavior [ RunTime:0.005000s ]
INFO: [ app_begin ] --END-- [ RunTime:0.007001s ]
NOTIC: [8192] mysql_connect(): The mysql extension is deprecated and will be removed in the future: use mysqli or PDO instead E:\wamp\www\mz_shop\ThinkPHP\Library\Think\Db\Driver\Mysql.class.php 第 52 行.
SQL: SHOW COLUMNS FROM `mz_imgleft` [ RunTime:0.006001s ]
SQL: SELECT * FROM `mz_imgleft` WHERE ( `id` = 2 ) LIMIT 1   [ RunTime:0.000000s ]

[ 2017-05-05T22:10:34+08:00 ] ::1 /mz_shop/index.php/Home/Index/adv.html?i=4
INFO: [ app_begin ] --START--
INFO: Run Behavior\ReadHtmlCacheBehavior [ RunTime:0.005001s ]
INFO: [ app_begin ] --END-- [ RunTime:0.007001s ]
NOTIC: [8192] mysql_connect(): The mysql extension is deprecated and will be removed in the future: use mysqli or PDO instead E:\wamp\www\mz_shop\ThinkPHP\Library\Think\Db\Driver\Mysql.class.php 第 52 行.
SQL: SHOW COLUMNS FROM `mz_imgleft` [ RunTime:0.008000s ]
SQL: SELECT * FROM `mz_imgleft` WHERE ( `id` = 5 ) LIMIT 1   [ RunTime:0.001000s ]

[ 2017-05-05T22:10:34+08:00 ] ::1 /mz_shop/index.php/Home/Index/adv.html?i=5
INFO: [ app_begin ] --START--
INFO: Run Behavior\ReadHtmlCacheBehavior [ RunTime:0.006001s ]
INFO: [ app_begin ] --END-- [ RunTime:0.009001s ]
NOTIC: [8192] mysql_connect(): The mysql extension is deprecated and will be removed in the future: use mysqli or PDO instead E:\wamp\www\mz_shop\ThinkPHP\Library\Think\Db\Driver\Mysql.class.php 第 52 行.
SQL: SHOW COLUMNS FROM `mz_imgleft` [ RunTime:0.017001s ]
SQL: SELECT * FROM `mz_imgleft` WHERE ( `id` = 6 ) LIMIT 1   [ RunTime:0.001000s ]

[ 2017-05-05T22:10:34+08:00 ] ::1 /mz_shop/index.php/Home/Index/adv.html?i=0
INFO: [ app_begin ] --START--
INFO: Run Behavior\ReadHtmlCacheBehavior [ RunTime:0.001000s ]
INFO: [ app_begin ] --END-- [ RunTime:0.005000s ]
NOTIC: [8192] mysql_connect(): The mysql extension is deprecated and will be removed in the future: use mysqli or PDO instead E:\wamp\www\mz_shop\ThinkPHP\Library\Think\Db\Driver\Mysql.class.php 第 52 行.
SQL: SHOW COLUMNS FROM `mz_imgleft` [ RunTime:0.009000s ]
SQL: SELECT * FROM `mz_imgleft` WHERE ( `id` = 1 ) LIMIT 1   [ RunTime:0.001000s ]

[ 2017-05-05T22:10:34+08:00 ] ::1 /mz_shop/index.php/Home/Index/adv.html?i=3
INFO: [ app_begin ] --START--
INFO: Run Behavior\ReadHtmlCacheBehavior [ RunTime:0.002000s ]
INFO: [ app_begin ] --END-- [ RunTime:0.003000s ]
NOTIC: [8192] mysql_connect(): The mysql extension is deprecated and will be removed in the future: use mysqli or PDO instead E:\wamp\www\mz_shop\ThinkPHP\Library\Think\Db\Driver\Mysql.class.php 第 52 行.
SQL: SHOW COLUMNS FROM `mz_imgleft` [ RunTime:0.015001s ]
SQL: SELECT * FROM `mz_imgleft` WHERE ( `id` = 4 ) LIMIT 1   [ RunTime:0.002001s ]

[ 2017-05-05T22:10:35+08:00 ] ::1 /mz_shop/index.php/Home/Index/adv.html?i=2
INFO: [ app_begin ] --START--
INFO: Run Behavior\ReadHtmlCacheBehavior [ RunTime:0.002000s ]
INFO: [ app_begin ] --END-- [ RunTime:0.004000s ]
NOTIC: [8192] mysql_connect(): The mysql extension is deprecated and will be removed in the future: use mysqli or PDO instead E:\wamp\www\mz_shop\ThinkPHP\Library\Think\Db\Driver\Mysql.class.php 第 52 行.
SQL: SHOW COLUMNS FROM `mz_imgleft` [ RunTime:0.007001s ]
SQL: SELECT * FROM `mz_imgleft` WHERE ( `id` = 3 ) LIMIT 1   [ RunTime:0.000000s ]

[ 2017-05-05T22:10:35+08:00 ] ::1 /mz_shop/index.php/Home/Index/adv.html?i=6
INFO: [ app_begin ] --START--
INFO: Run Behavior\ReadHtmlCacheBehavior [ RunTime:0.001000s ]
INFO: [ app_begin ] --END-- [ RunTime:0.002000s ]
NOTIC: [8192] mysql_connect(): The mysql extension is deprecated and will be removed in the future: use mysqli or PDO instead E:\wamp\www\mz_shop\ThinkPHP\Library\Think\Db\Driver\Mysql.class.php 第 52 行.
SQL: SHOW COLUMNS FROM `mz_imgleft` [ RunTime:0.007000s ]
SQL: SELECT * FROM `mz_imgleft` WHERE ( `id` = 7 ) LIMIT 1   [ RunTime:0.001000s ]

[ 2017-05-05T22:13:45+08:00 ] ::1 /mz_shop/index.php/Home/Index/adv.html?i=2
INFO: [ app_begin ] --START--
INFO: Run Behavior\ReadHtmlCacheBehavior [ RunTime:0.006000s ]
INFO: [ app_begin ] --END-- [ RunTime:0.007000s ]
NOTIC: [8192] mysql_connect(): The mysql extension is deprecated and will be removed in the future: use mysqli or PDO instead E:\wamp\www\mz_shop\ThinkPHP\Library\Think\Db\Driver\Mysql.class.php 第 52 行.
SQL: SHOW COLUMNS FROM `mz_imgleft` [ RunTime:0.014001s ]
SQL: SELECT * FROM `mz_imgleft` WHERE ( `id` = 3 ) LIMIT 1   [ RunTime:0.001000s ]

[ 2017-05-05T22:13:45+08:00 ] ::1 /mz_shop/index.php/Home/Index/adv.html?i=1
INFO: [ app_begin ] --START--
INFO: Run Behavior\ReadHtmlCacheBehavior [ RunTime:0.003000s ]
INFO: [ app_begin ] --END-- [ RunTime:0.004000s ]
NOTIC: [8192] mysql_connect(): The mysql extension is deprecated and will be removed in the future: use mysqli or PDO instead E:\wamp\www\mz_shop\ThinkPHP\Library\Think\Db\Driver\Mysql.class.php 第 52 行.
SQL: SHOW COLUMNS FROM `mz_imgleft` [ RunTime:0.014001s ]
SQL: SELECT * FROM `mz_imgleft` WHERE ( `id` = 2 ) LIMIT 1   [ RunTime:0.001000s ]

[ 2017-05-05T22:13:45+08:00 ] ::1 /mz_shop/index.php/Home/Index/adv.html?i=0
INFO: [ app_begin ] --START--
INFO: Run Behavior\ReadHtmlCacheBehavior [ RunTime:0.001000s ]
INFO: [ app_begin ] --END-- [ RunTime:0.006001s ]
NOTIC: [8192] mysql_connect(): The mysql extension is deprecated and will be removed in the future: use mysqli or PDO instead E:\wamp\www\mz_shop\ThinkPHP\Library\Think\Db\Driver\Mysql.class.php 第 52 行.
SQL: SHOW COLUMNS FROM `mz_imgleft` [ RunTime:0.008001s ]
SQL: SELECT * FROM `mz_imgleft` WHERE ( `id` = 1 ) LIMIT 1   [ RunTime:0.000000s ]

[ 2017-05-05T22:13:45+08:00 ] ::1 /mz_shop/index.php/Home/Index/adv.html?i=3
INFO: [ app_begin ] --START--
INFO: Run Behavior\ReadHtmlCacheBehavior [ RunTime:0.003000s ]
INFO: [ app_begin ] --END-- [ RunTime:0.006000s ]
NOTIC: [8192] mysql_connect(): The mysql extension is deprecated and will be removed in the future: use mysqli or PDO instead E:\wamp\www\mz_shop\ThinkPHP\Library\Think\Db\Driver\Mysql.class.php 第 52 行.
SQL: SHOW COLUMNS FROM `mz_imgleft` [ RunTime:0.009000s ]
SQL: SELECT * FROM `mz_imgleft` WHERE ( `id` = 4 ) LIMIT 1   [ RunTime:0.001001s ]

[ 2017-05-05T22:13:45+08:00 ] ::1 /mz_shop/index.php/Home/Index/adv.html?i=6
INFO: [ app_begin ] --START--
INFO: Run Behavior\ReadHtmlCacheBehavior [ RunTime:0.002000s ]
INFO: [ app_begin ] --END-- [ RunTime:0.003000s ]
NOTIC: [8192] mysql_connect(): The mysql extension is deprecated and will be removed in the future: use mysqli or PDO instead E:\wamp\www\mz_shop\ThinkPHP\Library\Think\Db\Driver\Mysql.class.php 第 52 行.
SQL: SHOW COLUMNS FROM `mz_imgleft` [ RunTime:0.008000s ]
SQL: SELECT * FROM `mz_imgleft` WHERE ( `id` = 7 ) LIMIT 1   [ RunTime:0.000000s ]

[ 2017-05-05T22:13:45+08:00 ] ::1 /mz_shop/index.php/Home/Index/adv.html?i=4
INFO: [ app_begin ] --START--
INFO: Run Behavior\ReadHtmlCacheBehavior [ RunTime:0.002000s ]
INFO: [ app_begin ] --END-- [ RunTime:0.004000s ]
NOTIC: [8192] mysql_connect(): The mysql extension is deprecated and will be removed in the future: use mysqli or PDO instead E:\wamp\www\mz_shop\ThinkPHP\Library\Think\Db\Driver\Mysql.class.php 第 52 行.
SQL: SHOW COLUMNS FROM `mz_imgleft` [ RunTime:0.007000s ]
SQL: SELECT * FROM `mz_imgleft` WHERE ( `id` = 5 ) LIMIT 1   [ RunTime:0.001000s ]

[ 2017-05-05T22:13:45+08:00 ] ::1 /mz_shop/index.php/Home/Index/adv.html?i=5
INFO: [ app_begin ] --START--
INFO: Run Behavior\ReadHtmlCacheBehavior [ RunTime:0.002001s ]
INFO: [ app_begin ] --END-- [ RunTime:0.003001s ]
NOTIC: [8192] mysql_connect(): The mysql extension is deprecated and will be removed in the future: use mysqli or PDO instead E:\wamp\www\mz_shop\ThinkPHP\Library\Think\Db\Driver\Mysql.class.php 第 52 行.
SQL: SHOW COLUMNS FROM `mz_imgleft` [ RunTime:0.010001s ]
SQL: SELECT * FROM `mz_imgleft` WHERE ( `id` = 6 ) LIMIT 1   [ RunTime:0.001000s ]

[ 2017-05-05T22:13:58+08:00 ] ::1 /mz_shop/index.php/Home/Index/adv.html?i=1
INFO: [ app_begin ] --START--
INFO: Run Behavior\ReadHtmlCacheBehavior [ RunTime:0.002000s ]
INFO: [ app_begin ] --END-- [ RunTime:0.003001s ]
NOTIC: [8192] mysql_connect(): The mysql extension is deprecated and will be removed in the future: use mysqli or PDO instead E:\wamp\www\mz_shop\ThinkPHP\Library\Think\Db\Driver\Mysql.class.php 第 52 行.
SQL: SHOW COLUMNS FROM `mz_imgleft` [ RunTime:0.009000s ]
SQL: SELECT * FROM `mz_imgleft` WHERE ( `id` = 2 ) LIMIT 1   [ RunTime:0.001000s ]

[ 2017-05-05T22:13:58+08:00 ] ::1 /mz_shop/index.php/Home/Index/adv.html?i=3
INFO: [ app_begin ] --START--
INFO: Run Behavior\ReadHtmlCacheBehavior [ RunTime:0.002000s ]
INFO: [ app_begin ] --END-- [ RunTime:0.004000s ]
NOTIC: [8192] mysql_connect(): The mysql extension is deprecated and will be removed in the future: use mysqli or PDO instead E:\wamp\www\mz_shop\ThinkPHP\Library\Think\Db\Driver\Mysql.class.php 第 52 行.
SQL: SHOW COLUMNS FROM `mz_imgleft` [ RunTime:0.010001s ]
SQL: SELECT * FROM `mz_imgleft` WHERE ( `id` = 4 ) LIMIT 1   [ RunTime:0.001000s ]

[ 2017-05-05T22:13:58+08:00 ] ::1 /mz_shop/index.php/Home/Index/adv.html?i=5
INFO: [ app_begin ] --START--
INFO: Run Behavior\ReadHtmlCacheBehavior [ RunTime:0.003000s ]
INFO: [ app_begin ] --END-- [ RunTime:0.004000s ]
NOTIC: [8192] mysql_connect(): The mysql extension is deprecated and will be removed in the future: use mysqli or PDO instead E:\wamp\www\mz_shop\ThinkPHP\Library\Think\Db\Driver\Mysql.class.php 第 52 行.
SQL: SHOW COLUMNS FROM `mz_imgleft` [ RunTime:0.008000s ]
SQL: SELECT * FROM `mz_imgleft` WHERE ( `id` = 6 ) LIMIT 1   [ RunTime:0.001000s ]

[ 2017-05-05T22:13:58+08:00 ] ::1 /mz_shop/index.php/Home/Index/adv.html?i=2
INFO: [ app_begin ] --START--
INFO: Run Behavior\ReadHtmlCacheBehavior [ RunTime:0.002000s ]
INFO: [ app_begin ] --END-- [ RunTime:0.005000s ]
NOTIC: [8192] mysql_connect(): The mysql extension is deprecated and will be removed in the future: use mysqli or PDO instead E:\wamp\www\mz_shop\ThinkPHP\Library\Think\Db\Driver\Mysql.class.php 第 52 行.
SQL: SHOW COLUMNS FROM `mz_imgleft` [ RunTime:0.013001s ]
SQL: SELECT * FROM `mz_imgleft` WHERE ( `id` = 3 ) LIMIT 1   [ RunTime:0.001000s ]

[ 2017-05-05T22:13:58+08:00 ] ::1 /mz_shop/index.php/Home/Index/adv.html?i=0
INFO: [ app_begin ] --START--
INFO: Run Behavior\ReadHtmlCacheBehavior [ RunTime:0.002000s ]
INFO: [ app_begin ] --END-- [ RunTime:0.004000s ]
NOTIC: [8192] mysql_connect(): The mysql extension is deprecated and will be removed in the future: use mysqli or PDO instead E:\wamp\www\mz_shop\ThinkPHP\Library\Think\Db\Driver\Mysql.class.php 第 52 行.
SQL: SHOW COLUMNS FROM `mz_imgleft` [ RunTime:0.010001s ]
SQL: SELECT * FROM `mz_imgleft` WHERE ( `id` = 1 ) LIMIT 1   [ RunTime:0.001000s ]

[ 2017-05-05T22:13:58+08:00 ] ::1 /mz_shop/index.php/Home/Index/adv.html?i=4
INFO: [ app_begin ] --START--
INFO: Run Behavior\ReadHtmlCacheBehavior [ RunTime:0.001000s ]
INFO: [ app_begin ] --END-- [ RunTime:0.003000s ]
NOTIC: [8192] mysql_connect(): The mysql extension is deprecated and will be removed in the future: use mysqli or PDO instead E:\wamp\www\mz_shop\ThinkPHP\Library\Think\Db\Driver\Mysql.class.php 第 52 行.
SQL: SHOW COLUMNS FROM `mz_imgleft` [ RunTime:0.007001s ]
SQL: SELECT * FROM `mz_imgleft` WHERE ( `id` = 5 ) LIMIT 1   [ RunTime:0.001000s ]

[ 2017-05-05T22:13:58+08:00 ] ::1 /mz_shop/index.php/Home/Index/adv.html?i=6
INFO: [ app_begin ] --START--
INFO: Run Behavior\ReadHtmlCacheBehavior [ RunTime:0.002001s ]
INFO: [ app_begin ] --END-- [ RunTime:0.003001s ]
NOTIC: [8192] mysql_connect(): The mysql extension is deprecated and will be removed in the future: use mysqli or PDO instead E:\wamp\www\mz_shop\ThinkPHP\Library\Think\Db\Driver\Mysql.class.php 第 52 行.
SQL: SHOW COLUMNS FROM `mz_imgleft` [ RunTime:0.009000s ]
SQL: SELECT * FROM `mz_imgleft` WHERE ( `id` = 7 ) LIMIT 1   [ RunTime:0.001000s ]

[ 2017-05-05T22:18:13+08:00 ] ::1 /mz_shop/index.php/Home/Index/adv.html?i=1
INFO: [ app_begin ] --START--
INFO: Run Behavior\ReadHtmlCacheBehavior [ RunTime:0.009001s ]
INFO: [ app_begin ] --END-- [ RunTime:0.011001s ]
NOTIC: [8192] mysql_connect(): The mysql extension is deprecated and will be removed in the future: use mysqli or PDO instead E:\wamp\www\mz_shop\ThinkPHP\Library\Think\Db\Driver\Mysql.class.php 第 52 行.
SQL: SHOW COLUMNS FROM `mz_imgleft` [ RunTime:0.014000s ]
SQL: SELECT * FROM `mz_imgleft` WHERE ( `id` = 2 ) LIMIT 1   [ RunTime:0.001001s ]

[ 2017-05-05T22:18:13+08:00 ] ::1 /mz_shop/index.php/Home/Index/adv.html?i=2
INFO: [ app_begin ] --START--
INFO: Run Behavior\ReadHtmlCacheBehavior [ RunTime:0.025001s ]
INFO: [ app_begin ] --END-- [ RunTime:0.031001s ]
NOTIC: [8192] mysql_connect(): The mysql extension is deprecated and will be removed in the future: use mysqli or PDO instead E:\wamp\www\mz_shop\ThinkPHP\Library\Think\Db\Driver\Mysql.class.php 第 52 行.
SQL: SHOW COLUMNS FROM `mz_imgleft` [ RunTime:0.010001s ]
SQL: SELECT * FROM `mz_imgleft` WHERE ( `id` = 3 ) LIMIT 1   [ RunTime:0.001000s ]

[ 2017-05-05T22:18:13+08:00 ] ::1 /mz_shop/index.php/Home/Index/adv.html?i=0
INFO: [ app_begin ] --START--
INFO: Run Behavior\ReadHtmlCacheBehavior [ RunTime:0.003000s ]
INFO: [ app_begin ] --END-- [ RunTime:0.004001s ]
NOTIC: [8192] mysql_connect(): The mysql extension is deprecated and will be removed in the future: use mysqli or PDO instead E:\wamp\www\mz_shop\ThinkPHP\Library\Think\Db\Driver\Mysql.class.php 第 52 行.
SQL: SHOW COLUMNS FROM `mz_imgleft` [ RunTime:0.012001s ]
SQL: SELECT * FROM `mz_imgleft` WHERE ( `id` = 1 ) LIMIT 1   [ RunTime:0.001000s ]

[ 2017-05-05T22:18:13+08:00 ] ::1 /mz_shop/index.php/Home/Index/adv.html?i=4
INFO: [ app_begin ] --START--
INFO: Run Behavior\ReadHtmlCacheBehavior [ RunTime:0.002000s ]
INFO: [ app_begin ] --END-- [ RunTime:0.006000s ]
NOTIC: [8192] mysql_connect(): The mysql extension is deprecated and will be removed in the future: use mysqli or PDO instead E:\wamp\www\mz_shop\ThinkPHP\Library\Think\Db\Driver\Mysql.class.php 第 52 行.
SQL: SHOW COLUMNS FROM `mz_imgleft` [ RunTime:0.009000s ]
SQL: SELECT * FROM `mz_imgleft` WHERE ( `id` = 5 ) LIMIT 1   [ RunTime:0.001000s ]

[ 2017-05-05T22:18:13+08:00 ] ::1 /mz_shop/index.php/Home/Index/adv.html?i=3
INFO: [ app_begin ] --START--
INFO: Run Behavior\ReadHtmlCacheBehavior [ RunTime:0.009000s ]
INFO: [ app_begin ] --END-- [ RunTime:0.029001s ]
NOTIC: [8192] mysql_connect(): The mysql extension is deprecated and will be removed in the future: use mysqli or PDO instead E:\wamp\www\mz_shop\ThinkPHP\Library\Think\Db\Driver\Mysql.class.php 第 52 行.
SQL: SHOW COLUMNS FROM `mz_imgleft` [ RunTime:0.012001s ]
SQL: SELECT * FROM `mz_imgleft` WHERE ( `id` = 4 ) LIMIT 1   [ RunTime:0.000000s ]

[ 2017-05-05T22:18:13+08:00 ] ::1 /mz_shop/index.php/Home/Index/adv.html?i=5
INFO: [ app_begin ] --START--
INFO: Run Behavior\ReadHtmlCacheBehavior [ RunTime:0.002000s ]
INFO: [ app_begin ] --END-- [ RunTime:0.004001s ]
NOTIC: [8192] mysql_connect(): The mysql extension is deprecated and will be removed in the future: use mysqli or PDO instead E:\wamp\www\mz_shop\ThinkPHP\Library\Think\Db\Driver\Mysql.class.php 第 52 行.
SQL: SHOW COLUMNS FROM `mz_imgleft` [ RunTime:0.007001s ]
SQL: SELECT * FROM `mz_imgleft` WHERE ( `id` = 6 ) LIMIT 1   [ RunTime:0.001000s ]

[ 2017-05-05T22:18:13+08:00 ] ::1 /mz_shop/index.php/Home/Index/adv.html?i=6
INFO: [ app_begin ] --START--
INFO: Run Behavior\ReadHtmlCacheBehavior [ RunTime:0.002000s ]
INFO: [ app_begin ] --END-- [ RunTime:0.003000s ]
NOTIC: [8192] mysql_connect(): The mysql extension is deprecated and will be removed in the future: use mysqli or PDO instead E:\wamp\www\mz_shop\ThinkPHP\Library\Think\Db\Driver\Mysql.class.php 第 52 行.
SQL: SHOW COLUMNS FROM `mz_imgleft` [ RunTime:0.007000s ]
SQL: SELECT * FROM `mz_imgleft` WHERE ( `id` = 7 ) LIMIT 1   [ RunTime:0.001000s ]

[ 2017-05-05T22:43:09+08:00 ] ::1 /mz_shop/index.php/Home/Index/adv.html?i=2
INFO: [ app_begin ] --START--
INFO: Run Behavior\ReadHtmlCacheBehavior [ RunTime:0.003001s ]
INFO: [ app_begin ] --END-- [ RunTime:0.004001s ]
NOTIC: [8192] mysql_connect(): The mysql extension is deprecated and will be removed in the future: use mysqli or PDO instead E:\wamp\www\mz_shop\ThinkPHP\Library\Think\Db\Driver\Mysql.class.php 第 52 行.
SQL: SHOW COLUMNS FROM `mz_imgleft` [ RunTime:0.008001s ]
SQL: SELECT * FROM `mz_imgleft` WHERE ( `id` = 3 ) LIMIT 1   [ RunTime:0.000000s ]

[ 2017-05-05T22:43:09+08:00 ] ::1 /mz_shop/index.php/Home/Index/adv.html?i=1
INFO: [ app_begin ] --START--
INFO: Run Behavior\ReadHtmlCacheBehavior [ RunTime:0.006000s ]
INFO: [ app_begin ] --END-- [ RunTime:0.020002s ]
NOTIC: [8192] mysql_connect(): The mysql extension is deprecated and will be removed in the future: use mysqli or PDO instead E:\wamp\www\mz_shop\ThinkPHP\Library\Think\Db\Driver\Mysql.class.php 第 52 行.
SQL: SHOW COLUMNS FROM `mz_imgleft` [ RunTime:0.008000s ]
SQL: SELECT * FROM `mz_imgleft` WHERE ( `id` = 2 ) LIMIT 1   [ RunTime:0.001000s ]

[ 2017-05-05T22:43:09+08:00 ] ::1 /mz_shop/index.php/Home/Index/adv.html?i=0
INFO: [ app_begin ] --START--
INFO: Run Behavior\ReadHtmlCacheBehavior [ RunTime:0.003000s ]
INFO: [ app_begin ] --END-- [ RunTime:0.005000s ]
NOTIC: [8192] mysql_connect(): The mysql extension is deprecated and will be removed in the future: use mysqli or PDO instead E:\wamp\www\mz_shop\ThinkPHP\Library\Think\Db\Driver\Mysql.class.php 第 52 行.
SQL: SHOW COLUMNS FROM `mz_imgleft` [ RunTime:0.007000s ]
SQL: SELECT * FROM `mz_imgleft` WHERE ( `id` = 1 ) LIMIT 1   [ RunTime:0.002001s ]

[ 2017-05-05T22:43:09+08:00 ] ::1 /mz_shop/index.php/Home/Index/adv.html?i=3
INFO: [ app_begin ] --START--
INFO: Run Behavior\ReadHtmlCacheBehavior [ RunTime:0.004001s ]
INFO: [ app_begin ] --END-- [ RunTime:0.005001s ]
NOTIC: [8192] mysql_connect(): The mysql extension is deprecated and will be removed in the future: use mysqli or PDO instead E:\wamp\www\mz_shop\ThinkPHP\Library\Think\Db\Driver\Mysql.class.php 第 52 行.
SQL: SHOW COLUMNS FROM `mz_imgleft` [ RunTime:0.015001s ]
SQL: SELECT * FROM `mz_imgleft` WHERE ( `id` = 4 ) LIMIT 1   [ RunTime:0.001000s ]

[ 2017-05-05T22:43:09+08:00 ] ::1 /mz_shop/index.php/Home/Index/adv.html?i=4
INFO: [ app_begin ] --START--
INFO: Run Behavior\ReadHtmlCacheBehavior [ RunTime:0.004001s ]
INFO: [ app_begin ] --END-- [ RunTime:0.006001s ]
NOTIC: [8192] mysql_connect(): The mysql extension is deprecated and will be removed in the future: use mysqli or PDO instead E:\wamp\www\mz_shop\ThinkPHP\Library\Think\Db\Driver\Mysql.class.php 第 52 行.
SQL: SHOW COLUMNS FROM `mz_imgleft` [ RunTime:0.006000s ]
SQL: SELECT * FROM `mz_imgleft` WHERE ( `id` = 5 ) LIMIT 1   [ RunTime:0.000000s ]

[ 2017-05-05T22:43:09+08:00 ] ::1 /mz_shop/index.php/Home/Index/adv.html?i=5
INFO: [ app_begin ] --START--
INFO: Run Behavior\ReadHtmlCacheBehavior [ RunTime:0.002000s ]
INFO: [ app_begin ] --END-- [ RunTime:0.005001s ]
NOTIC: [8192] mysql_connect(): The mysql extension is deprecated and will be removed in the future: use mysqli or PDO instead E:\wamp\www\mz_shop\ThinkPHP\Library\Think\Db\Driver\Mysql.class.php 第 52 行.
SQL: SHOW COLUMNS FROM `mz_imgleft` [ RunTime:0.005000s ]
SQL: SELECT * FROM `mz_imgleft` WHERE ( `id` = 6 ) LIMIT 1   [ RunTime:0.001000s ]

[ 2017-05-05T22:43:09+08:00 ] ::1 /mz_shop/index.php/Home/Index/adv.html?i=6
INFO: [ app_begin ] --START--
INFO: Run Behavior\ReadHtmlCacheBehavior [ RunTime:0.003000s ]
INFO: [ app_begin ] --END-- [ RunTime:0.005000s ]
NOTIC: [8192] mysql_connect(): The mysql extension is deprecated and will be removed in the future: use mysqli or PDO instead E:\wamp\www\mz_shop\ThinkPHP\Library\Think\Db\Driver\Mysql.class.php 第 52 行.
SQL: SHOW COLUMNS FROM `mz_imgleft` [ RunTime:0.005001s ]
SQL: SELECT * FROM `mz_imgleft` WHERE ( `id` = 7 ) LIMIT 1   [ RunTime:0.001000s ]

[ 2017-05-05T23:09:11+08:00 ] ::1 /mz_shop/index.php/Home/Index/adv.html?i=0
INFO: [ app_begin ] --START--
INFO: Run Behavior\ReadHtmlCacheBehavior [ RunTime:0.001000s ]
INFO: [ app_begin ] --END-- [ RunTime:0.009000s ]
NOTIC: [8192] mysql_connect(): The mysql extension is deprecated and will be removed in the future: use mysqli or PDO instead E:\wamp\www\mz_shop\ThinkPHP\Library\Think\Db\Driver\Mysql.class.php 第 52 行.
SQL: SHOW COLUMNS FROM `mz_imgleft` [ RunTime:0.005000s ]
SQL: SELECT * FROM `mz_imgleft` WHERE ( `id` = 1 ) LIMIT 1   [ RunTime:0.002000s ]

[ 2017-05-05T23:09:11+08:00 ] ::1 /mz_shop/index.php/Home/Index/adv.html?i=4
INFO: [ app_begin ] --START--
INFO: Run Behavior\ReadHtmlCacheBehavior [ RunTime:0.001000s ]
INFO: [ app_begin ] --END-- [ RunTime:0.002000s ]
NOTIC: [8192] mysql_connect(): The mysql extension is deprecated and will be removed in the future: use mysqli or PDO instead E:\wamp\www\mz_shop\ThinkPHP\Library\Think\Db\Driver\Mysql.class.php 第 52 行.
SQL: SHOW COLUMNS FROM `mz_imgleft` [ RunTime:0.004000s ]
SQL: SELECT * FROM `mz_imgleft` WHERE ( `id` = 5 ) LIMIT 1   [ RunTime:0.001000s ]

[ 2017-05-05T23:09:11+08:00 ] ::1 /mz_shop/index.php/Home/Index/adv.html?i=3
INFO: [ app_begin ] --START--
INFO: Run Behavior\ReadHtmlCacheBehavior [ RunTime:0.001000s ]
INFO: [ app_begin ] --END-- [ RunTime:0.002000s ]
NOTIC: [8192] mysql_connect(): The mysql extension is deprecated and will be removed in the future: use mysqli or PDO instead E:\wamp\www\mz_shop\ThinkPHP\Library\Think\Db\Driver\Mysql.class.php 第 52 行.
SQL: SHOW COLUMNS FROM `mz_imgleft` [ RunTime:0.003000s ]
SQL: SELECT * FROM `mz_imgleft` WHERE ( `id` = 4 ) LIMIT 1   [ RunTime:0.000000s ]

[ 2017-05-05T23:09:11+08:00 ] ::1 /mz_shop/index.php/Home/Index/adv.html?i=1
INFO: [ app_begin ] --START--
INFO: Run Behavior\ReadHtmlCacheBehavior [ RunTime:0.002000s ]
INFO: [ app_begin ] --END-- [ RunTime:0.035002s ]
NOTIC: [8192] mysql_connect(): The mysql extension is deprecated and will be removed in the future: use mysqli or PDO instead E:\wamp\www\mz_shop\ThinkPHP\Library\Think\Db\Driver\Mysql.class.php 第 52 行.
SQL: SHOW COLUMNS FROM `mz_imgleft` [ RunTime:0.004000s ]
SQL: SELECT * FROM `mz_imgleft` WHERE ( `id` = 2 ) LIMIT 1   [ RunTime:0.000000s ]

[ 2017-05-05T23:09:11+08:00 ] ::1 /mz_shop/index.php/Home/Index/adv.html?i=2
INFO: [ app_begin ] --START--
INFO: Run Behavior\ReadHtmlCacheBehavior [ RunTime:0.001000s ]
INFO: [ app_begin ] --END-- [ RunTime:0.002000s ]
NOTIC: [8192] mysql_connect(): The mysql extension is deprecated and will be removed in the future: use mysqli or PDO instead E:\wamp\www\mz_shop\ThinkPHP\Library\Think\Db\Driver\Mysql.class.php 第 52 行.
SQL: SHOW COLUMNS FROM `mz_imgleft` [ RunTime:0.004000s ]
SQL: SELECT * FROM `mz_imgleft` WHERE ( `id` = 3 ) LIMIT 1   [ RunTime:0.001000s ]

[ 2017-05-05T23:09:12+08:00 ] ::1 /mz_shop/index.php/Home/Index/adv.html?i=5
INFO: [ app_begin ] --START--
INFO: Run Behavior\ReadHtmlCacheBehavior [ RunTime:0.003000s ]
INFO: [ app_begin ] --END-- [ RunTime:0.003000s ]
NOTIC: [8192] mysql_connect(): The mysql extension is deprecated and will be removed in the future: use mysqli or PDO instead E:\wamp\www\mz_shop\ThinkPHP\Library\Think\Db\Driver\Mysql.class.php 第 52 行.
SQL: SHOW COLUMNS FROM `mz_imgleft` [ RunTime:0.005000s ]
SQL: SELECT * FROM `mz_imgleft` WHERE ( `id` = 6 ) LIMIT 1   [ RunTime:0.000000s ]

[ 2017-05-05T23:09:12+08:00 ] ::1 /mz_shop/index.php/Home/Index/adv.html?i=6
INFO: [ app_begin ] --START--
INFO: Run Behavior\ReadHtmlCacheBehavior [ RunTime:0.001000s ]
INFO: [ app_begin ] --END-- [ RunTime:0.002000s ]
NOTIC: [8192] mysql_connect(): The mysql extension is deprecated and will be removed in the future: use mysqli or PDO instead E:\wamp\www\mz_shop\ThinkPHP\Library\Think\Db\Driver\Mysql.class.php 第 52 行.
SQL: SHOW COLUMNS FROM `mz_imgleft` [ RunTime:0.004000s ]
SQL: SELECT * FROM `mz_imgleft` WHERE ( `id` = 7 ) LIMIT 1   [ RunTime:0.002000s ]

[ 2017-05-05T23:12:41+08:00 ] ::1 /mz_shop/index.php/Home/Index/adv.html?i=0
INFO: [ app_begin ] --START--
INFO: Run Behavior\ReadHtmlCacheBehavior [ RunTime:0.009000s ]
INFO: [ app_begin ] --END-- [ RunTime:0.012001s ]
NOTIC: [8192] mysql_connect(): The mysql extension is deprecated and will be removed in the future: use mysqli or PDO instead E:\wamp\www\mz_shop\ThinkPHP\Library\Think\Db\Driver\Mysql.class.php 第 52 行.
SQL: SHOW COLUMNS FROM `mz_imgleft` [ RunTime:0.024001s ]
SQL: SELECT * FROM `mz_imgleft` WHERE ( `id` = 1 ) LIMIT 1   [ RunTime:0.001000s ]

[ 2017-05-05T23:12:41+08:00 ] ::1 /mz_shop/index.php/Home/Index/adv.html?i=3
INFO: [ app_begin ] --START--
INFO: Run Behavior\ReadHtmlCacheBehavior [ RunTime:0.003000s ]
INFO: [ app_begin ] --END-- [ RunTime:0.019001s ]
NOTIC: [8192] mysql_connect(): The mysql extension is deprecated and will be removed in the future: use mysqli or PDO instead E:\wamp\www\mz_shop\ThinkPHP\Library\Think\Db\Driver\Mysql.class.php 第 52 行.
SQL: SHOW COLUMNS FROM `mz_imgleft` [ RunTime:0.023001s ]
SQL: SELECT * FROM `mz_imgleft` WHERE ( `id` = 4 ) LIMIT 1   [ RunTime:0.001000s ]

[ 2017-05-05T23:12:41+08:00 ] ::1 /mz_shop/index.php/Home/Index/adv.html?i=2
INFO: [ app_begin ] --START--
INFO: Run Behavior\ReadHtmlCacheBehavior [ RunTime:0.002000s ]
INFO: [ app_begin ] --END-- [ RunTime:0.004000s ]
NOTIC: [8192] mysql_connect(): The mysql extension is deprecated and will be removed in the future: use mysqli or PDO instead E:\wamp\www\mz_shop\ThinkPHP\Library\Think\Db\Driver\Mysql.class.php 第 52 行.
SQL: SHOW COLUMNS FROM `mz_imgleft` [ RunTime:0.012000s ]
SQL: SELECT * FROM `mz_imgleft` WHERE ( `id` = 3 ) LIMIT 1   [ RunTime:0.001000s ]

[ 2017-05-05T23:12:41+08:00 ] ::1 /mz_shop/index.php/Home/Index/adv.html?i=1
INFO: [ app_begin ] --START--
INFO: Run Behavior\ReadHtmlCacheBehavior [ RunTime:0.002001s ]
INFO: [ app_begin ] --END-- [ RunTime:0.004001s ]
NOTIC: [8192] mysql_connect(): The mysql extension is deprecated and will be removed in the future: use mysqli or PDO instead E:\wamp\www\mz_shop\ThinkPHP\Library\Think\Db\Driver\Mysql.class.php 第 52 行.
SQL: SHOW COLUMNS FROM `mz_imgleft` [ RunTime:0.023001s ]
SQL: SELECT * FROM `mz_imgleft` WHERE ( `id` = 2 ) LIMIT 1   [ RunTime:0.001000s ]

[ 2017-05-05T23:12:41+08:00 ] ::1 /mz_shop/index.php/Home/Index/adv.html?i=5
INFO: [ app_begin ] --START--
INFO: Run Behavior\ReadHtmlCacheBehavior [ RunTime:0.003000s ]
INFO: [ app_begin ] --END-- [ RunTime:0.004000s ]
NOTIC: [8192] mysql_connect(): The mysql extension is deprecated and will be removed in the future: use mysqli or PDO instead E:\wamp\www\mz_shop\ThinkPHP\Library\Think\Db\Driver\Mysql.class.php 第 52 行.
SQL: SHOW COLUMNS FROM `mz_imgleft` [ RunTime:0.026001s ]
SQL: SELECT * FROM `mz_imgleft` WHERE ( `id` = 6 ) LIMIT 1   [ RunTime:0.001000s ]

[ 2017-05-05T23:12:41+08:00 ] ::1 /mz_shop/index.php/Home/Index/adv.html?i=4
INFO: [ app_begin ] --START--
INFO: Run Behavior\ReadHtmlCacheBehavior [ RunTime:0.003000s ]
INFO: [ app_begin ] --END-- [ RunTime:0.005000s ]
NOTIC: [8192] mysql_connect(): The mysql extension is deprecated and will be removed in the future: use mysqli or PDO instead E:\wamp\www\mz_shop\ThinkPHP\Library\Think\Db\Driver\Mysql.class.php 第 52 行.
SQL: SHOW COLUMNS FROM `mz_imgleft` [ RunTime:0.016001s ]
SQL: SELECT * FROM `mz_imgleft` WHERE ( `id` = 5 ) LIMIT 1   [ RunTime:0.001000s ]

[ 2017-05-05T23:12:41+08:00 ] ::1 /mz_shop/index.php/Home/Index/adv.html?i=6
INFO: [ app_begin ] --START--
INFO: Run Behavior\ReadHtmlCacheBehavior [ RunTime:0.002000s ]
INFO: [ app_begin ] --END-- [ RunTime:0.003000s ]
NOTIC: [8192] mysql_connect(): The mysql extension is deprecated and will be removed in the future: use mysqli or PDO instead E:\wamp\www\mz_shop\ThinkPHP\Library\Think\Db\Driver\Mysql.class.php 第 52 行.
SQL: SHOW COLUMNS FROM `mz_imgleft` [ RunTime:0.012001s ]
SQL: SELECT * FROM `mz_imgleft` WHERE ( `id` = 7 ) LIMIT 1   [ RunTime:0.001000s ]

[ 2017-05-05T23:49:15+08:00 ] ::1 /mz_shop/index.php/Home/Index/adv.html?i=0
INFO: [ app_begin ] --START--
INFO: Run Behavior\ReadHtmlCacheBehavior [ RunTime:0.002000s ]
INFO: [ app_begin ] --END-- [ RunTime:0.004001s ]
NOTIC: [8192] mysql_connect(): The mysql extension is deprecated and will be removed in the future: use mysqli or PDO instead E:\wamp\www\mz_shop\ThinkPHP\Library\Think\Db\Driver\Mysql.class.php 第 52 行.
SQL: SHOW COLUMNS FROM `mz_imgleft` [ RunTime:0.010001s ]
SQL: SELECT * FROM `mz_imgleft` WHERE ( `id` = 1 ) LIMIT 1   [ RunTime:0.001000s ]

[ 2017-05-05T23:49:15+08:00 ] ::1 /mz_shop/index.php/Home/Index/adv.html?i=4
INFO: [ app_begin ] --START--
INFO: Run Behavior\ReadHtmlCacheBehavior [ RunTime:0.002000s ]
INFO: [ app_begin ] --END-- [ RunTime:0.004000s ]
NOTIC: [8192] mysql_connect(): The mysql extension is deprecated and will be removed in the future: use mysqli or PDO instead E:\wamp\www\mz_shop\ThinkPHP\Library\Think\Db\Driver\Mysql.class.php 第 52 行.
SQL: SHOW COLUMNS FROM `mz_imgleft` [ RunTime:0.009000s ]
SQL: SELECT * FROM `mz_imgleft` WHERE ( `id` = 5 ) LIMIT 1   [ RunTime:0.000000s ]

[ 2017-05-05T23:49:15+08:00 ] ::1 /mz_shop/index.php/Home/Index/adv.html?i=2
INFO: [ app_begin ] --START--
INFO: Run Behavior\ReadHtmlCacheBehavior [ RunTime:0.008000s ]
INFO: [ app_begin ] --END-- [ RunTime:0.009000s ]
NOTIC: [8192] mysql_connect(): The mysql extension is deprecated and will be removed in the future: use mysqli or PDO instead E:\wamp\www\mz_shop\ThinkPHP\Library\Think\Db\Driver\Mysql.class.php 第 52 行.
SQL: SHOW COLUMNS FROM `mz_imgleft` [ RunTime:0.009001s ]
SQL: SELECT * FROM `mz_imgleft` WHERE ( `id` = 3 ) LIMIT 1   [ RunTime:0.001000s ]

[ 2017-05-05T23:49:15+08:00 ] ::1 /mz_shop/index.php/Home/Index/adv.html?i=3
INFO: [ app_begin ] --START--
INFO: Run Behavior\ReadHtmlCacheBehavior [ RunTime:0.003000s ]
INFO: [ app_begin ] --END-- [ RunTime:0.004000s ]
NOTIC: [8192] mysql_connect(): The mysql extension is deprecated and will be removed in the future: use mysqli or PDO instead E:\wamp\www\mz_shop\ThinkPHP\Library\Think\Db\Driver\Mysql.class.php 第 52 行.
SQL: SHOW COLUMNS FROM `mz_imgleft` [ RunTime:0.006001s ]
SQL: SELECT * FROM `mz_imgleft` WHERE ( `id` = 4 ) LIMIT 1   [ RunTime:0.001000s ]

[ 2017-05-05T23:49:15+08:00 ] ::1 /mz_shop/index.php/Home/Index/adv.html?i=1
INFO: [ app_begin ] --START--
INFO: Run Behavior\ReadHtmlCacheBehavior [ RunTime:0.010001s ]
INFO: [ app_begin ] --END-- [ RunTime:0.019001s ]
NOTIC: [8192] mysql_connect(): The mysql extension is deprecated and will be removed in the future: use mysqli or PDO instead E:\wamp\www\mz_shop\ThinkPHP\Library\Think\Db\Driver\Mysql.class.php 第 52 行.
SQL: SHOW COLUMNS FROM `mz_imgleft` [ RunTime:0.005000s ]
SQL: SELECT * FROM `mz_imgleft` WHERE ( `id` = 2 ) LIMIT 1   [ RunTime:0.001001s ]

[ 2017-05-05T23:49:15+08:00 ] ::1 /mz_shop/index.php/Home/Index/adv.html?i=5
INFO: [ app_begin ] --START--
INFO: Run Behavior\ReadHtmlCacheBehavior [ RunTime:0.006000s ]
INFO: [ app_begin ] --END-- [ RunTime:0.012001s ]
NOTIC: [8192] mysql_connect(): The mysql extension is deprecated and will be removed in the future: use mysqli or PDO instead E:\wamp\www\mz_shop\ThinkPHP\Library\Think\Db\Driver\Mysql.class.php 第 52 行.
SQL: SHOW COLUMNS FROM `mz_imgleft` [ RunTime:0.005000s ]
SQL: SELECT * FROM `mz_imgleft` WHERE ( `id` = 6 ) LIMIT 1   [ RunTime:0.001000s ]

[ 2017-05-05T23:49:15+08:00 ] ::1 /mz_shop/index.php/Home/Index/adv.html?i=6
INFO: [ app_begin ] --START--
INFO: Run Behavior\ReadHtmlCacheBehavior [ RunTime:0.003000s ]
INFO: [ app_begin ] --END-- [ RunTime:0.004000s ]
NOTIC: [8192] mysql_connect(): The mysql extension is deprecated and will be removed in the future: use mysqli or PDO instead E:\wamp\www\mz_shop\ThinkPHP\Library\Think\Db\Driver\Mysql.class.php 第 52 行.
SQL: SHOW COLUMNS FROM `mz_imgleft` [ RunTime:0.008000s ]
SQL: SELECT * FROM `mz_imgleft` WHERE ( `id` = 7 ) LIMIT 1   [ RunTime:0.000000s ]

