[ 2017-01-03T20:24:16+08:00 ] ::1 /obj/index.php/Home/Index/adv.html?i=0
INFO: [ app_begin ] --START--
INFO: Run Behavior\ReadHtmlCacheBehavior [ RunTime:0.002314s ]
INFO: [ app_begin ] --END-- [ RunTime:0.003489s ]
NOTIC: [8192] mysql_connect(): The mysql extension is deprecated and will be removed in the future: use mysqli or PDO instead C:\wamp64\www\obj\ThinkPHP\Library\Think\Db\Driver\Mysql.class.php 第 52 行.
SQL: SHOW COLUMNS FROM `mz_imgleft` [ RunTime:0.092438s ]
SQL: SELECT * FROM `mz_imgleft` WHERE ( `id` = 1 ) LIMIT 1   [ RunTime:0.000823s ]

[ 2017-01-03T20:24:16+08:00 ] ::1 /obj/index.php/Home/Index/adv.html?i=1
INFO: [ app_begin ] --START--
INFO: Run Behavior\ReadHtmlCacheBehavior [ RunTime:0.001684s ]
INFO: [ app_begin ] --END-- [ RunTime:0.002950s ]
NOTIC: [8192] mysql_connect(): The mysql extension is deprecated and will be removed in the future: use mysqli or PDO instead C:\wamp64\www\obj\ThinkPHP\Library\Think\Db\Driver\Mysql.class.php 第 52 行.
SQL: SHOW COLUMNS FROM `mz_imgleft` [ RunTime:0.002380s ]
SQL: SELECT * FROM `mz_imgleft` WHERE ( `id` = 2 ) LIMIT 1   [ RunTime:0.000759s ]

[ 2017-01-03T20:24:16+08:00 ] ::1 /obj/index.php/Home/Index/adv.html?i=2
INFO: [ app_begin ] --START--
INFO: Run Behavior\ReadHtmlCacheBehavior [ RunTime:0.001573s ]
INFO: [ app_begin ] --END-- [ RunTime:0.002752s ]
NOTIC: [8192] mysql_connect(): The mysql extension is deprecated and will be removed in the future: use mysqli or PDO instead C:\wamp64\www\obj\ThinkPHP\Library\Think\Db\Driver\Mysql.class.php 第 52 行.
SQL: SHOW COLUMNS FROM `mz_imgleft` [ RunTime:0.002447s ]
SQL: SELECT * FROM `mz_imgleft` WHERE ( `id` = 3 ) LIMIT 1   [ RunTime:0.000638s ]

[ 2017-01-03T20:24:16+08:00 ] ::1 /obj/index.php/Home/Index/adv.html?i=4
INFO: [ app_begin ] --START--
INFO: Run Behavior\ReadHtmlCacheBehavior [ RunTime:0.001668s ]
INFO: [ app_begin ] --END-- [ RunTime:0.003184s ]
NOTIC: [8192] mysql_connect(): The mysql extension is deprecated and will be removed in the future: use mysqli or PDO instead C:\wamp64\www\obj\ThinkPHP\Library\Think\Db\Driver\Mysql.class.php 第 52 行.
SQL: SHOW COLUMNS FROM `mz_imgleft` [ RunTime:0.002126s ]
SQL: SELECT * FROM `mz_imgleft` WHERE ( `id` = 5 ) LIMIT 1   [ RunTime:0.000764s ]

[ 2017-01-03T20:24:16+08:00 ] ::1 /obj/index.php/Home/Index/adv.html?i=5
INFO: [ app_begin ] --START--
INFO: Run Behavior\ReadHtmlCacheBehavior [ RunTime:0.002341s ]
INFO: [ app_begin ] --END-- [ RunTime:0.003464s ]
NOTIC: [8192] mysql_connect(): The mysql extension is deprecated and will be removed in the future: use mysqli or PDO instead C:\wamp64\www\obj\ThinkPHP\Library\Think\Db\Driver\Mysql.class.php 第 52 行.
SQL: SHOW COLUMNS FROM `mz_imgleft` [ RunTime:0.002157s ]
SQL: SELECT * FROM `mz_imgleft` WHERE ( `id` = 6 ) LIMIT 1   [ RunTime:0.000646s ]

[ 2017-01-03T20:24:16+08:00 ] ::1 /obj/index.php/Home/Index/adv.html?i=3
INFO: [ app_begin ] --START--
INFO: Run Behavior\ReadHtmlCacheBehavior [ RunTime:0.001767s ]
INFO: [ app_begin ] --END-- [ RunTime:0.002730s ]
NOTIC: [8192] mysql_connect(): The mysql extension is deprecated and will be removed in the future: use mysqli or PDO instead C:\wamp64\www\obj\ThinkPHP\Library\Think\Db\Driver\Mysql.class.php 第 52 行.
SQL: SHOW COLUMNS FROM `mz_imgleft` [ RunTime:0.002727s ]
SQL: SELECT * FROM `mz_imgleft` WHERE ( `id` = 4 ) LIMIT 1   [ RunTime:0.000628s ]

[ 2017-01-03T20:24:16+08:00 ] ::1 /obj/index.php/Home/Index/adv.html?i=6
INFO: [ app_begin ] --START--
INFO: Run Behavior\ReadHtmlCacheBehavior [ RunTime:0.001885s ]
INFO: [ app_begin ] --END-- [ RunTime:0.003232s ]
NOTIC: [8192] mysql_connect(): The mysql extension is deprecated and will be removed in the future: use mysqli or PDO instead C:\wamp64\www\obj\ThinkPHP\Library\Think\Db\Driver\Mysql.class.php 第 52 行.
SQL: SHOW COLUMNS FROM `mz_imgleft` [ RunTime:0.002114s ]
SQL: SELECT * FROM `mz_imgleft` WHERE ( `id` = 7 ) LIMIT 1   [ RunTime:0.000663s ]

