[ 2017-01-19T09:08:50+08:00 ] ::1 /obj/index.php/Home/Index/adv.html?i=1
INFO: [ app_begin ] --START--
INFO: Run Behavior\ReadHtmlCacheBehavior [ RunTime:0.000883s ]
INFO: [ app_begin ] --END-- [ RunTime:0.001640s ]
SQL: SHOW COLUMNS FROM `mz_imgleft` [ RunTime:0.111160s ]
SQL: SELECT * FROM `mz_imgleft` WHERE ( `id` = 2 ) LIMIT 1   [ RunTime:0.000439s ]

[ 2017-01-19T09:08:50+08:00 ] ::1 /obj/index.php/Home/Index/adv.html?i=0
INFO: [ app_begin ] --START--
INFO: Run Behavior\ReadHtmlCacheBehavior [ RunTime:0.001513s ]
INFO: [ app_begin ] --END-- [ RunTime:0.002235s ]
SQL: SHOW COLUMNS FROM `mz_imgleft` [ RunTime:0.003183s ]
SQL: SELECT * FROM `mz_imgleft` WHERE ( `id` = 1 ) LIMIT 1   [ RunTime:0.000337s ]

[ 2017-01-19T09:08:50+08:00 ] ::1 /obj/index.php/Home/Index/adv.html?i=4
INFO: [ app_begin ] --START--
INFO: Run Behavior\ReadHtmlCacheBehavior [ RunTime:0.001039s ]
INFO: [ app_begin ] --END-- [ RunTime:0.001682s ]
SQL: SHOW COLUMNS FROM `mz_imgleft` [ RunTime:0.003460s ]
SQL: SELECT * FROM `mz_imgleft` WHERE ( `id` = 5 ) LIMIT 1   [ RunTime:0.000367s ]

[ 2017-01-19T09:08:50+08:00 ] ::1 /obj/index.php/Home/Index/adv.html?i=2
INFO: [ app_begin ] --START--
INFO: Run Behavior\ReadHtmlCacheBehavior [ RunTime:0.000983s ]
INFO: [ app_begin ] --END-- [ RunTime:0.001585s ]
SQL: SHOW COLUMNS FROM `mz_imgleft` [ RunTime:0.003738s ]
SQL: SELECT * FROM `mz_imgleft` WHERE ( `id` = 3 ) LIMIT 1   [ RunTime:0.000356s ]

[ 2017-01-19T09:08:51+08:00 ] ::1 /obj/index.php/Home/Index/adv.html?i=3
INFO: [ app_begin ] --START--
INFO: Run Behavior\ReadHtmlCacheBehavior [ RunTime:0.001665s ]
INFO: [ app_begin ] --END-- [ RunTime:0.002898s ]
SQL: SHOW COLUMNS FROM `mz_imgleft` [ RunTime:0.004076s ]
SQL: SELECT * FROM `mz_imgleft` WHERE ( `id` = 4 ) LIMIT 1   [ RunTime:0.000485s ]

[ 2017-01-19T09:08:51+08:00 ] ::1 /obj/index.php/Home/Index/adv.html?i=6
INFO: [ app_begin ] --START--
INFO: Run Behavior\ReadHtmlCacheBehavior [ RunTime:0.001144s ]
INFO: [ app_begin ] --END-- [ RunTime:0.001903s ]
SQL: SHOW COLUMNS FROM `mz_imgleft` [ RunTime:0.004642s ]
SQL: SELECT * FROM `mz_imgleft` WHERE ( `id` = 7 ) LIMIT 1   [ RunTime:0.000343s ]

[ 2017-01-19T09:08:51+08:00 ] ::1 /obj/index.php/Home/Index/adv.html?i=5
INFO: [ app_begin ] --START--
INFO: Run Behavior\ReadHtmlCacheBehavior [ RunTime:0.000777s ]
INFO: [ app_begin ] --END-- [ RunTime:0.001417s ]
SQL: SHOW COLUMNS FROM `mz_imgleft` [ RunTime:0.003617s ]
SQL: SELECT * FROM `mz_imgleft` WHERE ( `id` = 6 ) LIMIT 1   [ RunTime:0.000459s ]

[ 2017-01-19T09:09:47+08:00 ] ::1 /obj/index.php/Home/Details/nature.html?netn=color&netv=%E5%9C%9F%E8%B1%AA%E9%87%91
INFO: [ app_begin ] --START--
INFO: Run Behavior\ReadHtmlCacheBehavior [ RunTime:0.000682s ]
INFO: [ app_begin ] --END-- [ RunTime:0.001175s ]
INFO: [ app_end ] --START--
INFO: Run Behavior\ShowPageTraceBehavior [ RunTime:0.000639s ]
INFO: [ app_end ] --END-- [ RunTime:0.000720s ]

[ 2017-01-19T09:09:48+08:00 ] ::1 /obj/index.php/Home/Details/nature.html?netn=net&netv=%E7%A7%BB%E5%8A%A8%E7%89%88
INFO: [ app_begin ] --START--
INFO: Run Behavior\ReadHtmlCacheBehavior [ RunTime:0.000716s ]
INFO: [ app_begin ] --END-- [ RunTime:0.001321s ]
INFO: [ app_end ] --START--
INFO: Run Behavior\ShowPageTraceBehavior [ RunTime:0.000676s ]
INFO: [ app_end ] --END-- [ RunTime:0.000785s ]

[ 2017-01-19T09:09:48+08:00 ] ::1 /obj/index.php/Home/Details/nature.html?netn=memory&netv=32G
INFO: [ app_begin ] --START--
INFO: Run Behavior\ReadHtmlCacheBehavior [ RunTime:0.000743s ]
INFO: [ app_begin ] --END-- [ RunTime:0.001267s ]
INFO: [ app_end ] --START--
INFO: Run Behavior\ShowPageTraceBehavior [ RunTime:0.000723s ]
INFO: [ app_end ] --END-- [ RunTime:0.000831s ]

[ 2017-01-19T09:10:13+08:00 ] ::1 /obj/index.php/Home/Index/adv.html?i=3
INFO: [ app_begin ] --START--
INFO: Run Behavior\ReadHtmlCacheBehavior [ RunTime:0.000933s ]
INFO: [ app_begin ] --END-- [ RunTime:0.001558s ]
SQL: SHOW COLUMNS FROM `mz_imgleft` [ RunTime:0.003442s ]
SQL: SELECT * FROM `mz_imgleft` WHERE ( `id` = 4 ) LIMIT 1   [ RunTime:0.001245s ]

[ 2017-01-19T09:10:13+08:00 ] ::1 /obj/index.php/Home/Index/adv.html?i=5
INFO: [ app_begin ] --START--
INFO: Run Behavior\ReadHtmlCacheBehavior [ RunTime:0.000787s ]
INFO: [ app_begin ] --END-- [ RunTime:0.001352s ]
SQL: SHOW COLUMNS FROM `mz_imgleft` [ RunTime:0.005222s ]
SQL: SELECT * FROM `mz_imgleft` WHERE ( `id` = 6 ) LIMIT 1   [ RunTime:0.000441s ]

[ 2017-01-19T09:10:13+08:00 ] ::1 /obj/index.php/Home/Index/adv.html?i=4
INFO: [ app_begin ] --START--
INFO: Run Behavior\ReadHtmlCacheBehavior [ RunTime:0.001182s ]
INFO: [ app_begin ] --END-- [ RunTime:0.001846s ]
SQL: SHOW COLUMNS FROM `mz_imgleft` [ RunTime:0.005044s ]
SQL: SELECT * FROM `mz_imgleft` WHERE ( `id` = 5 ) LIMIT 1   [ RunTime:0.000507s ]

[ 2017-01-19T09:10:13+08:00 ] ::1 /obj/index.php/Home/Index/adv.html?i=0
INFO: [ app_begin ] --START--
INFO: Run Behavior\ReadHtmlCacheBehavior [ RunTime:0.001198s ]
INFO: [ app_begin ] --END-- [ RunTime:0.001943s ]
SQL: SHOW COLUMNS FROM `mz_imgleft` [ RunTime:0.003376s ]
SQL: SELECT * FROM `mz_imgleft` WHERE ( `id` = 1 ) LIMIT 1   [ RunTime:0.000445s ]

[ 2017-01-19T09:10:13+08:00 ] ::1 /obj/index.php/Home/Index/adv.html?i=2
INFO: [ app_begin ] --START--
INFO: Run Behavior\ReadHtmlCacheBehavior [ RunTime:0.004142s ]
INFO: [ app_begin ] --END-- [ RunTime:0.004787s ]
SQL: SHOW COLUMNS FROM `mz_imgleft` [ RunTime:0.003392s ]
SQL: SELECT * FROM `mz_imgleft` WHERE ( `id` = 3 ) LIMIT 1   [ RunTime:0.000442s ]

[ 2017-01-19T09:10:13+08:00 ] ::1 /obj/index.php/Home/Index/adv.html?i=6
INFO: [ app_begin ] --START--
INFO: Run Behavior\ReadHtmlCacheBehavior [ RunTime:0.001385s ]
INFO: [ app_begin ] --END-- [ RunTime:0.001799s ]
SQL: SHOW COLUMNS FROM `mz_imgleft` [ RunTime:0.003910s ]
SQL: SELECT * FROM `mz_imgleft` WHERE ( `id` = 7 ) LIMIT 1   [ RunTime:0.000322s ]

[ 2017-01-19T09:10:13+08:00 ] ::1 /obj/index.php/Home/Index/adv.html?i=1
INFO: [ app_begin ] --START--
INFO: Run Behavior\ReadHtmlCacheBehavior [ RunTime:0.001062s ]
INFO: [ app_begin ] --END-- [ RunTime:0.001725s ]
SQL: SHOW COLUMNS FROM `mz_imgleft` [ RunTime:0.003524s ]
SQL: SELECT * FROM `mz_imgleft` WHERE ( `id` = 2 ) LIMIT 1   [ RunTime:0.000462s ]

[ 2017-01-19T09:22:19+08:00 ] ::1 /obj/index.php/Home/Details/nature.html?netn=color&netv=%E5%9C%9F%E8%B1%AA%E9%87%91
INFO: [ app_begin ] --START--
INFO: Run Behavior\ReadHtmlCacheBehavior [ RunTime:0.000606s ]
INFO: [ app_begin ] --END-- [ RunTime:0.001015s ]
INFO: [ app_end ] --START--
INFO: Run Behavior\ShowPageTraceBehavior [ RunTime:0.000836s ]
INFO: [ app_end ] --END-- [ RunTime:0.000937s ]

[ 2017-01-19T09:22:20+08:00 ] ::1 /obj/index.php/Home/Details/nature.html?netn=net&netv=%E5%85%A8%E7%BD%91%E9%80%9A
INFO: [ app_begin ] --START--
INFO: Run Behavior\ReadHtmlCacheBehavior [ RunTime:0.000485s ]
INFO: [ app_begin ] --END-- [ RunTime:0.000825s ]
INFO: [ app_end ] --START--
INFO: Run Behavior\ShowPageTraceBehavior [ RunTime:0.000499s ]
INFO: [ app_end ] --END-- [ RunTime:0.000584s ]

[ 2017-01-19T09:22:23+08:00 ] ::1 /obj/index.php/Home/Details/nature.html?netn=memory&netv=32G
INFO: [ app_begin ] --START--
INFO: Run Behavior\ReadHtmlCacheBehavior [ RunTime:0.000813s ]
INFO: [ app_begin ] --END-- [ RunTime:0.001383s ]
INFO: [ app_end ] --START--
INFO: Run Behavior\ShowPageTraceBehavior [ RunTime:0.000856s ]
INFO: [ app_end ] --END-- [ RunTime:0.000993s ]

[ 2017-01-19T09:25:57+08:00 ] ::1 /obj/index.php/Home/Index/%E4%BC%9A%E5%91%98%E4%B8%AD%E5%BF%83-%E6%B6%88%E6%81%AF%E6%8F%90%E9%A3%8E%E6%A0%BC%E5%8C%96%E9%86%92_files/v.htm
ERR: 非法操作:会员中心-消息提风格化醒_files

[ 2017-01-19T09:25:58+08:00 ] ::1 /obj/index.php/Home/Index/%E9%AD%85%E6%97%8F%E5%AE%98%E7%BD%91%E5%9C%A8%E7%BA%BF%E5%95%86%E5%BA%97-%E6%8F%90%E4%BE%9B%E9%AD%85%E6%97%8F%20PRO%205%E3%80%81%E9%AD%85%E6%97%8FMX%E7%B3%BB%E5%88%97%E3%80%81%E9%AD%85%E8%93%9Dnote%E7%B3%BB%E5%88%97%E3%80%81%E9%AD%85%E8%93%9Dmetal%E7%B3%BB%E5%88%97%E4%BA%A7%E5%93%81%E7%9A%84%E9%A2%84%E7%BA%A6%E5%92%8C%E8%B4%AD%E4%B9%B0_files/hm.htm
ERR: 非法操作:魅族官网在线商店-提供魅族 PRO 5、魅族MX系列、魅蓝note系列、魅蓝metal系列产品的预约和购买_files

[ 2017-01-19T09:25:58+08:00 ] ::1 /obj/index.php/Home/Index/adv.html?i=2
INFO: [ app_begin ] --START--
INFO: Run Behavior\ReadHtmlCacheBehavior [ RunTime:0.000722s ]
INFO: [ app_begin ] --END-- [ RunTime:0.001255s ]
SQL: SHOW COLUMNS FROM `mz_imgleft` [ RunTime:0.005321s ]
SQL: SELECT * FROM `mz_imgleft` WHERE ( `id` = 3 ) LIMIT 1   [ RunTime:0.000629s ]

[ 2017-01-19T09:25:58+08:00 ] ::1 /obj/index.php/Home/Index/adv.html?i=3
INFO: [ app_begin ] --START--
INFO: Run Behavior\ReadHtmlCacheBehavior [ RunTime:0.001152s ]
INFO: [ app_begin ] --END-- [ RunTime:0.001819s ]
SQL: SHOW COLUMNS FROM `mz_imgleft` [ RunTime:0.005629s ]
SQL: SELECT * FROM `mz_imgleft` WHERE ( `id` = 4 ) LIMIT 1   [ RunTime:0.003549s ]

[ 2017-01-19T09:25:58+08:00 ] ::1 /obj/index.php/Home/Index/adv.html?i=0
INFO: [ app_begin ] --START--
INFO: Run Behavior\ReadHtmlCacheBehavior [ RunTime:0.001113s ]
INFO: [ app_begin ] --END-- [ RunTime:0.001770s ]
SQL: SHOW COLUMNS FROM `mz_imgleft` [ RunTime:0.005301s ]
SQL: SELECT * FROM `mz_imgleft` WHERE ( `id` = 1 ) LIMIT 1   [ RunTime:0.000546s ]

[ 2017-01-19T09:25:58+08:00 ] ::1 /obj/index.php/Home/Index/adv.html?i=1
INFO: [ app_begin ] --START--
INFO: Run Behavior\ReadHtmlCacheBehavior [ RunTime:0.001038s ]
INFO: [ app_begin ] --END-- [ RunTime:0.001672s ]
SQL: SHOW COLUMNS FROM `mz_imgleft` [ RunTime:0.005425s ]
SQL: SELECT * FROM `mz_imgleft` WHERE ( `id` = 2 ) LIMIT 1   [ RunTime:0.000681s ]

[ 2017-01-19T09:25:58+08:00 ] ::1 /obj/index.php/Home/Index/adv.html?i=5
INFO: [ app_begin ] --START--
INFO: Run Behavior\ReadHtmlCacheBehavior [ RunTime:0.001025s ]
INFO: [ app_begin ] --END-- [ RunTime:0.001682s ]
SQL: SHOW COLUMNS FROM `mz_imgleft` [ RunTime:0.004586s ]
SQL: SELECT * FROM `mz_imgleft` WHERE ( `id` = 6 ) LIMIT 1   [ RunTime:0.000514s ]

[ 2017-01-19T09:25:58+08:00 ] ::1 /obj/index.php/Home/Index/adv.html?i=4
INFO: [ app_begin ] --START--
INFO: Run Behavior\ReadHtmlCacheBehavior [ RunTime:0.001201s ]
INFO: [ app_begin ] --END-- [ RunTime:0.001888s ]
SQL: SHOW COLUMNS FROM `mz_imgleft` [ RunTime:0.005711s ]
SQL: SELECT * FROM `mz_imgleft` WHERE ( `id` = 5 ) LIMIT 1   [ RunTime:0.000625s ]

[ 2017-01-19T09:25:58+08:00 ] ::1 /obj/index.php/Home/Index/adv.html?i=6
INFO: [ app_begin ] --START--
INFO: Run Behavior\ReadHtmlCacheBehavior [ RunTime:0.001374s ]
INFO: [ app_begin ] --END-- [ RunTime:0.002139s ]
SQL: SHOW COLUMNS FROM `mz_imgleft` [ RunTime:0.005807s ]
SQL: SELECT * FROM `mz_imgleft` WHERE ( `id` = 7 ) LIMIT 1   [ RunTime:0.001597s ]

[ 2017-01-19T09:26:18+08:00 ] ::1 /obj/index.php/Home/Details/%E4%BC%9A%E5%91%98%E4%B8%AD%E5%BF%83-%E6%B6%88%E6%81%AF%E6%8F%90%E9%A3%8E%E6%A0%BC%E5%8C%96%E9%86%92_files/v.htm
ERR: 非法操作:会员中心-消息提风格化醒_files

[ 2017-01-19T09:26:18+08:00 ] ::1 /obj/index.php/Home/Details/%E9%AD%85%E6%97%8F%E5%AE%98%E7%BD%91%E5%9C%A8%E7%BA%BF%E5%95%86%E5%BA%97-%E6%8F%90%E4%BE%9B%E9%AD%85%E6%97%8F%20PRO%205%E3%80%81%E9%AD%85%E6%97%8FMX%E7%B3%BB%E5%88%97%E3%80%81%E9%AD%85%E8%93%9Dnote%E7%B3%BB%E5%88%97%E3%80%81%E9%AD%85%E8%93%9Dmetal%E7%B3%BB%E5%88%97%E4%BA%A7%E5%93%81%E7%9A%84%E9%A2%84%E7%BA%A6%E5%92%8C%E8%B4%AD%E4%B9%B0_files/hm.htm
ERR: 非法操作:魅族官网在线商店-提供魅族 PRO 5、魅族MX系列、魅蓝note系列、魅蓝metal系列产品的预约和购买_files

[ 2017-01-19T09:26:27+08:00 ] ::1 /obj/index.php/Home/Details/%E4%BC%9A%E5%91%98%E4%B8%AD%E5%BF%83-%E6%B6%88%E6%81%AF%E6%8F%90%E9%A3%8E%E6%A0%BC%E5%8C%96%E9%86%92_files/v.htm
ERR: 非法操作:会员中心-消息提风格化醒_files

[ 2017-01-19T09:26:27+08:00 ] ::1 /obj/index.php/Home/Details/%E9%AD%85%E6%97%8F%E5%AE%98%E7%BD%91%E5%9C%A8%E7%BA%BF%E5%95%86%E5%BA%97-%E6%8F%90%E4%BE%9B%E9%AD%85%E6%97%8F%20PRO%205%E3%80%81%E9%AD%85%E6%97%8FMX%E7%B3%BB%E5%88%97%E3%80%81%E9%AD%85%E8%93%9Dnote%E7%B3%BB%E5%88%97%E3%80%81%E9%AD%85%E8%93%9Dmetal%E7%B3%BB%E5%88%97%E4%BA%A7%E5%93%81%E7%9A%84%E9%A2%84%E7%BA%A6%E5%92%8C%E8%B4%AD%E4%B9%B0_files/hm.htm
ERR: 非法操作:魅族官网在线商店-提供魅族 PRO 5、魅族MX系列、魅蓝note系列、魅蓝metal系列产品的预约和购买_files

[ 2017-01-19T09:26:27+08:00 ] ::1 /obj/index.php/Home/Details/%E9%AD%85%E6%97%8F%E5%AE%98%E7%BD%91%E5%9C%A8%E7%BA%BF%E5%95%86%E5%BA%97-%E6%8F%90%E4%BE%9B%E9%AD%85%E6%97%8F%20PRO%205%E3%80%81%E9%AD%85%E6%97%8FMX%E7%B3%BB%E5%88%97%E3%80%81%E9%AD%85%E8%93%9Dnote%E7%B3%BB%E5%88%97%E3%80%81%E9%AD%85%E8%93%9Dmetal%E7%B3%BB%E5%88%97%E4%BA%A7%E5%93%81%E7%9A%84%E9%A2%84%E7%BA%A6%E5%92%8C%E8%B4%AD%E4%B9%B0_files/hm.htm
ERR: 非法操作:魅族官网在线商店-提供魅族 PRO 5、魅族MX系列、魅蓝note系列、魅蓝metal系列产品的预约和购买_files

